

================================================================
== Vitis HLS Report for 'overlay_fea_Pipeline_1'
================================================================
* Date:           Tue Mar 26 17:24:08 2024

* Version:        2021.2 (Build 3367213 on Tue Oct 19 02:48:09 MDT 2021)
* Project:        sqi_ap
* Solution:       solution_SQIs (Vivado IP Flow Target)
* Product family: zynq
* Target device:  xc7z020-clg400-1


================================================================
== Performance Estimates
================================================================
+ Timing: 
    * Summary: 
    +--------+----------+----------+------------+
    |  Clock |  Target  | Estimated| Uncertainty|
    +--------+----------+----------+------------+
    |ap_clk  |  10.00 ns|  7.300 ns|     2.70 ns|
    +--------+----------+----------+------------+

+ Latency: 
    * Summary: 
    +---------+---------+-----------+-----------+------+------+---------+
    |  Latency (cycles) |   Latency (absolute)  |   Interval  | Pipeline|
    |   min   |   max   |    min    |    max    |  min |  max |   Type  |
    +---------+---------+-----------+-----------+------+------+---------+
    |     2003|     2003|  20.030 us|  20.030 us|  2003|  2003|       no|
    +---------+---------+-----------+-----------+------+------+---------+

    + Detail: 
        * Instance: 
        N/A

        * Loop: 
        +----------+---------+---------+----------+-----------+-----------+------+----------+
        |          |  Latency (cycles) | Iteration|  Initiation Interval  | Trip |          |
        | Loop Name|   min   |   max   |  Latency |  achieved |   target  | Count| Pipelined|
        +----------+---------+---------+----------+-----------+-----------+------+----------+
        |- Loop 1  |     2001|     2001|         3|          1|          1|  2000|       yes|
        +----------+---------+---------+----------+-----------+-----------+------+----------+



================================================================
== Utilization Estimates
================================================================
* Summary: 
+-----------------+---------+-----+--------+-------+-----+
|       Name      | BRAM_18K| DSP |   FF   |  LUT  | URAM|
+-----------------+---------+-----+--------+-------+-----+
|DSP              |        -|    -|       -|      -|    -|
|Expression       |        -|    -|       0|     29|    -|
|FIFO             |        -|    -|       -|      -|    -|
|Instance         |        -|    -|       -|      -|    -|
|Memory           |        -|    -|       -|      -|    -|
|Multiplexer      |        -|    -|       -|     45|    -|
|Register         |        -|    -|      71|      -|    -|
+-----------------+---------+-----+--------+-------+-----+
|Total            |        0|    0|      71|     74|    0|
+-----------------+---------+-----+--------+-------+-----+
|Available        |      280|  220|  106400|  53200|    0|
+-----------------+---------+-----+--------+-------+-----+
|Utilization (%)  |        0|    0|      ~0|     ~0|    0|
+-----------------+---------+-----+--------+-------+-----+

+ Detail: 
    * Instance: 
    N/A

    * DSP: 
    N/A

    * Memory: 
    N/A

    * FIFO: 
    N/A

    * Expression: 
    +----------------------------------+----------+----+---+----+------------+------------+
    |           Variable Name          | Operation| DSP| FF| LUT| Bitwidth P0| Bitwidth P1|
    +----------------------------------+----------+----+---+----+------------+------------+
    |empty_fu_94_p2                    |         +|   0|  0|  12|          11|           1|
    |ap_block_pp0_stage0_11001         |       and|   0|  0|   2|           1|           1|
    |ap_block_state2_pp0_stage0_iter1  |       and|   0|  0|   2|           1|           1|
    |exitcond75_fu_88_p2               |      icmp|   0|  0|  11|          11|           7|
    |ap_enable_pp0                     |       xor|   0|  0|   2|           1|           2|
    +----------------------------------+----------+----+---+----+------------+------------+
    |Total                             |          |   0|  0|  29|          25|          12|
    +----------------------------------+----------+----+---+----+------------+------------+

    * Multiplexer: 
    +----------------------------------+----+-----------+-----+-----------+
    |               Name               | LUT| Input Size| Bits| Total Bits|
    +----------------------------------+----+-----------+-----+-----------+
    |ap_done_int                       |   9|          2|    1|          2|
    |ap_enable_reg_pp0_iter2           |   9|          2|    1|          2|
    |ap_sig_allocacmp_loop_index_load  |   9|          2|   11|         22|
    |gmem_blk_n_R                      |   9|          2|    1|          2|
    |loop_index_fu_48                  |   9|          2|   11|         22|
    +----------------------------------+----+-----------+-----+-----------+
    |Total                             |  45|         10|   25|         50|
    +----------------------------------+----+-----------+-----+-----------+

    * Register: 
    +---------------------------------------+----+----+-----+-----------+
    |                  Name                 | FF | LUT| Bits| Const Bits|
    +---------------------------------------+----+----+-----+-----------+
    |ap_CS_fsm                              |   1|   0|    1|          0|
    |ap_done_reg                            |   1|   0|    1|          0|
    |ap_enable_reg_pp0_iter1                |   1|   0|    1|          0|
    |ap_enable_reg_pp0_iter2                |   1|   0|    1|          0|
    |ap_loop_exit_ready_pp0_iter1_reg       |   1|   0|    1|          0|
    |exitcond75_reg_136                     |   1|   0|    1|          0|
    |gmem_addr_read_reg_140                 |  32|   0|   32|          0|
    |loop_index_fu_48                       |  11|   0|   11|          0|
    |loop_index_load_reg_131                |  11|   0|   11|          0|
    |loop_index_load_reg_131_pp0_iter1_reg  |  11|   0|   11|          0|
    +---------------------------------------+----+----+-----+-----------+
    |Total                                  |  71|   0|   71|          0|
    +---------------------------------------+----+----+-----+-----------+



================================================================
== Interface
================================================================
* Summary: 
+---------------------+-----+-----+------------+------------------------+--------------+
|      RTL Ports      | Dir | Bits|  Protocol  |      Source Object     |    C Type    |
+---------------------+-----+-----+------------+------------------------+--------------+
|ap_clk               |   in|    1|  ap_ctrl_hs|  overlay_fea_Pipeline_1|  return value|
|ap_rst               |   in|    1|  ap_ctrl_hs|  overlay_fea_Pipeline_1|  return value|
|ap_start             |   in|    1|  ap_ctrl_hs|  overlay_fea_Pipeline_1|  return value|
|ap_done              |  out|    1|  ap_ctrl_hs|  overlay_fea_Pipeline_1|  return value|
|ap_idle              |  out|    1|  ap_ctrl_hs|  overlay_fea_Pipeline_1|  return value|
|ap_ready             |  out|    1|  ap_ctrl_hs|  overlay_fea_Pipeline_1|  return value|
|m_axi_gmem_AWVALID   |  out|    1|       m_axi|                    gmem|       pointer|
|m_axi_gmem_AWREADY   |   in|    1|       m_axi|                    gmem|       pointer|
|m_axi_gmem_AWADDR    |  out|   64|       m_axi|                    gmem|       pointer|
|m_axi_gmem_AWID      |  out|    1|       m_axi|                    gmem|       pointer|
|m_axi_gmem_AWLEN     |  out|   32|       m_axi|                    gmem|       pointer|
|m_axi_gmem_AWSIZE    |  out|    3|       m_axi|                    gmem|       pointer|
|m_axi_gmem_AWBURST   |  out|    2|       m_axi|                    gmem|       pointer|
|m_axi_gmem_AWLOCK    |  out|    2|       m_axi|                    gmem|       pointer|
|m_axi_gmem_AWCACHE   |  out|    4|       m_axi|                    gmem|       pointer|
|m_axi_gmem_AWPROT    |  out|    3|       m_axi|                    gmem|       pointer|
|m_axi_gmem_AWQOS     |  out|    4|       m_axi|                    gmem|       pointer|
|m_axi_gmem_AWREGION  |  out|    4|       m_axi|                    gmem|       pointer|
|m_axi_gmem_AWUSER    |  out|    1|       m_axi|                    gmem|       pointer|
|m_axi_gmem_WVALID    |  out|    1|       m_axi|                    gmem|       pointer|
|m_axi_gmem_WREADY    |   in|    1|       m_axi|                    gmem|       pointer|
|m_axi_gmem_WDATA     |  out|   32|       m_axi|                    gmem|       pointer|
|m_axi_gmem_WSTRB     |  out|    4|       m_axi|                    gmem|       pointer|
|m_axi_gmem_WLAST     |  out|    1|       m_axi|                    gmem|       pointer|
|m_axi_gmem_WID       |  out|    1|       m_axi|                    gmem|       pointer|
|m_axi_gmem_WUSER     |  out|    1|       m_axi|                    gmem|       pointer|
|m_axi_gmem_ARVALID   |  out|    1|       m_axi|                    gmem|       pointer|
|m_axi_gmem_ARREADY   |   in|    1|       m_axi|                    gmem|       pointer|
|m_axi_gmem_ARADDR    |  out|   64|       m_axi|                    gmem|       pointer|
|m_axi_gmem_ARID      |  out|    1|       m_axi|                    gmem|       pointer|
|m_axi_gmem_ARLEN     |  out|   32|       m_axi|                    gmem|       pointer|
|m_axi_gmem_ARSIZE    |  out|    3|       m_axi|                    gmem|       pointer|
|m_axi_gmem_ARBURST   |  out|    2|       m_axi|                    gmem|       pointer|
|m_axi_gmem_ARLOCK    |  out|    2|       m_axi|                    gmem|       pointer|
|m_axi_gmem_ARCACHE   |  out|    4|       m_axi|                    gmem|       pointer|
|m_axi_gmem_ARPROT    |  out|    3|       m_axi|                    gmem|       pointer|
|m_axi_gmem_ARQOS     |  out|    4|       m_axi|                    gmem|       pointer|
|m_axi_gmem_ARREGION  |  out|    4|       m_axi|                    gmem|       pointer|
|m_axi_gmem_ARUSER    |  out|    1|       m_axi|                    gmem|       pointer|
|m_axi_gmem_RVALID    |   in|    1|       m_axi|                    gmem|       pointer|
|m_axi_gmem_RREADY    |  out|    1|       m_axi|                    gmem|       pointer|
|m_axi_gmem_RDATA     |   in|   32|       m_axi|                    gmem|       pointer|
|m_axi_gmem_RLAST     |   in|    1|       m_axi|                    gmem|       pointer|
|m_axi_gmem_RID       |   in|    1|       m_axi|                    gmem|       pointer|
|m_axi_gmem_RFIFONUM  |   in|    9|       m_axi|                    gmem|       pointer|
|m_axi_gmem_RUSER     |   in|    1|       m_axi|                    gmem|       pointer|
|m_axi_gmem_RRESP     |   in|    2|       m_axi|                    gmem|       pointer|
|m_axi_gmem_BVALID    |   in|    1|       m_axi|                    gmem|       pointer|
|m_axi_gmem_BREADY    |  out|    1|       m_axi|                    gmem|       pointer|
|m_axi_gmem_BRESP     |   in|    2|       m_axi|                    gmem|       pointer|
|m_axi_gmem_BID       |   in|    1|       m_axi|                    gmem|       pointer|
|m_axi_gmem_BUSER     |   in|    1|       m_axi|                    gmem|       pointer|
|sext_ln43            |   in|   62|     ap_none|               sext_ln43|        scalar|
|buff_address0        |  out|   11|   ap_memory|                    buff|         array|
|buff_ce0             |  out|    1|   ap_memory|                    buff|         array|
|buff_we0             |  out|    1|   ap_memory|                    buff|         array|
|buff_d0              |  out|   32|   ap_memory|                    buff|         array|
+---------------------+-----+-----+------------+------------------------+--------------+

