

================================================================
== Vitis HLS Report for 'overlay_fea'
================================================================
* Date:           Tue Mar 19 18:54:57 2024

* Version:        2021.2 (Build 3367213 on Tue Oct 19 02:48:09 MDT 2021)
* Project:        sqi_ap
* Solution:       solution_SQIs (Vivado IP Flow Target)
* Product family: zynq
* Target device:  xc7z020-clg400-1


================================================================
== Performance Estimates
================================================================
+ Timing: 
    * Summary: 
    +--------+----------+----------+------------+
    |  Clock |  Target  | Estimated| Uncertainty|
    +--------+----------+----------+------------+
    |ap_clk  |  10.00 ns|  7.290 ns|     2.70 ns|
    +--------+----------+----------+------------+

+ Latency: 
    * Summary: 
    +---------+-----------+----------+-----------+-------+-----------+---------+
    |   Latency (cycles)  |  Latency (absolute)  |      Interval     | Pipeline|
    |   min   |    max    |    min   |    max    |  min  |    max    |   Type  |
    +---------+-----------+----------+-----------+-------+-----------+---------+
    |    14677|  289601744|  0.147 ms|  2.896 sec|  14678|  289601745|       no|
    +---------+-----------+----------+-----------+-------+-----------+---------+

    + Detail: 
        * Instance: 
        +-----------------------------------------------+------------------------------------+---------+-----------+-----------+-----------+------+-----------+---------+
        |                                               |                                    |   Latency (cycles)  |   Latency (absolute)  |     Interval     | Pipeline|
        |                    Instance                   |               Module               |   min   |    max    |    min    |    max    |  min |    max    |   Type  |
        +-----------------------------------------------+------------------------------------+---------+-----------+-----------+-----------+------+-----------+---------+
        |grp_overlay_fea_Pipeline_1_fu_122              |overlay_fea_Pipeline_1              |     2050|       2050|  20.500 us|  20.500 us|  2050|       2050|       no|
        |grp_overlay_fea_Pipeline_2_fu_128              |overlay_fea_Pipeline_2              |     2050|       2050|  20.500 us|  20.500 us|  2050|       2050|       no|
        |grp_overlay_fea_Pipeline_3_fu_134              |overlay_fea_Pipeline_3              |     2050|       2050|  20.500 us|  20.500 us|  2050|       2050|       no|
        |grp_overlay_fea_Pipeline_Loop_fft_fu_140       |overlay_fea_Pipeline_Loop_fft       |     2002|       2002|  20.020 us|  20.020 us|  2002|       2002|       no|
        |grp_FFT_fu_148                                 |FFT                                 |     8313|  289595380|  83.130 us|  2.896 sec|  8313|  289595380|       no|
        |grp_overlay_fea_Pipeline_Loop_freq_fu_167      |overlay_fea_Pipeline_Loop_freq      |     2023|       2023|  20.230 us|  20.230 us|  2023|       2023|       no|
        |grp_overlay_fea_Pipeline_Loop_bas_fu_174       |overlay_fea_Pipeline_Loop_bas       |      209|        209|   2.090 us|   2.090 us|   209|        209|       no|
        |grp_overlay_fea_Pipeline_Loop_fftclear_fu_180  |overlay_fea_Pipeline_Loop_fftclear  |       50|         50|   0.500 us|   0.500 us|    50|         50|       no|
        +-----------------------------------------------+------------------------------------+---------+-----------+-----------+-----------+------+-----------+---------+

        * Loop: 
        N/A



================================================================
== Utilization Estimates
================================================================
* Summary: 
+-----------------+---------+-----+--------+-------+-----+
|       Name      | BRAM_18K| DSP |   FF   |  LUT  | URAM|
+-----------------+---------+-----+--------+-------+-----+
|DSP              |        -|    -|       -|      -|    -|
|Expression       |        -|    -|       0|      2|    -|
|FIFO             |        -|    -|       -|      -|    -|
|Instance         |        8|   84|    9589|  12925|    -|
|Memory           |       16|    -|       0|      0|    0|
|Multiplexer      |        -|    -|       -|    722|    -|
|Register         |        -|    -|     167|      -|    -|
+-----------------+---------+-----+--------+-------+-----+
|Total            |       24|   84|    9756|  13649|    0|
+-----------------+---------+-----+--------+-------+-----+
|Available        |      280|  220|  106400|  53200|    0|
+-----------------+---------+-----+--------+-------+-----+
|Utilization (%)  |        8|   38|       9|     25|    0|
+-----------------+---------+-----+--------+-------+-----+

+ Detail: 
    * Instance: 
    +-----------------------------------------------+------------------------------------+---------+----+------+-------+-----+
    |                    Instance                   |               Module               | BRAM_18K| DSP|  FF  |  LUT  | URAM|
    +-----------------------------------------------+------------------------------------+---------+----+------+-------+-----+
    |grp_FFT_fu_148                                 |FFT                                 |        8|  77|  8626|  11334|    0|
    |faddfsub_32ns_32ns_32_5_full_dsp_1_U99         |faddfsub_32ns_32ns_32_5_full_dsp_1  |        0|   2|   205|    390|    0|
    |faddfsub_32ns_32ns_32_5_full_dsp_1_U101        |faddfsub_32ns_32ns_32_5_full_dsp_1  |        0|   2|   205|    390|    0|
    |fdiv_32ns_32ns_32_16_no_dsp_1_U100             |fdiv_32ns_32ns_32_16_no_dsp_1       |        0|   0|     0|      0|    0|
    |fmul_32ns_32ns_32_4_max_dsp_1_U102             |fmul_32ns_32ns_32_4_max_dsp_1       |        0|   3|   143|    321|    0|
    |grp_overlay_fea_Pipeline_1_fu_122              |overlay_fea_Pipeline_1              |        0|   0|    14|     51|    0|
    |grp_overlay_fea_Pipeline_2_fu_128              |overlay_fea_Pipeline_2              |        0|   0|    14|     51|    0|
    |grp_overlay_fea_Pipeline_3_fu_134              |overlay_fea_Pipeline_3              |        0|   0|    14|     51|    0|
    |grp_overlay_fea_Pipeline_Loop_bas_fu_174       |overlay_fea_Pipeline_Loop_bas       |        0|   0|   111|    129|    0|
    |grp_overlay_fea_Pipeline_Loop_fft_fu_140       |overlay_fea_Pipeline_Loop_fft       |        0|   0|    14|     57|    0|
    |grp_overlay_fea_Pipeline_Loop_fftclear_fu_180  |overlay_fea_Pipeline_Loop_fftclear  |        0|   0|    14|     51|    0|
    |grp_overlay_fea_Pipeline_Loop_freq_fu_167      |overlay_fea_Pipeline_Loop_freq      |        0|   0|   229|    100|    0|
    +-----------------------------------------------+------------------------------------+---------+----+------+-------+-----+
    |Total                                          |                                    |        8|  84|  9589|  12925|    0|
    +-----------------------------------------------+------------------------------------+---------+----+------+-------+-----+

    * DSP: 
    N/A

    * Memory: 
    +------------+------------------------+---------+---+----+-----+------+-----+------+-------------+
    |   Memory   |         Module         | BRAM_18K| FF| LUT| URAM| Words| Bits| Banks| W*Bits*Banks|
    +------------+------------------------+---------+---+----+-----+------+-----+------+-------------+
    |InA_U       |InA_RAM_AUTO_1R1W       |        4|  0|   0|    0|  2048|   32|     1|        65536|
    |InR_U       |InR_RAM_AUTO_1R1W       |        4|  0|   0|    0|  2048|   32|     1|        65536|
    |InI_U       |InR_RAM_AUTO_1R1W       |        4|  0|   0|    0|  2048|   32|     1|        65536|
    |spectrum_U  |spectrum_RAM_AUTO_1R1W  |        4|  0|   0|    0|  2048|   32|     1|        65536|
    +------------+------------------------+---------+---+----+-----+------+-----+------+-------------+
    |Total       |                        |       16|  0|   0|    0|  8192|  128|     4|       262144|
    +------------+------------------------+---------+---+----+-----+------+-----+------+-------------+

    * FIFO: 
    N/A

    * Expression: 
    +---------------------------------+----------+----+---+----+------------+------------+
    |          Variable Name          | Operation| DSP| FF| LUT| Bitwidth P0| Bitwidth P1|
    +---------------------------------+----------+----+---+----+------------+------------+
    |ap_block_state2_on_subcall_done  |        or|   0|  0|   2|           1|           1|
    +---------------------------------+----------+----+---+----+------------+------------+
    |Total                            |          |   0|  0|   2|           1|           1|
    +---------------------------------+----------+----+---+----+------------+------------+

    * Multiplexer: 
    +-------------------+-----+-----------+-----+-----------+
    |        Name       | LUT | Input Size| Bits| Total Bits|
    +-------------------+-----+-----------+-----+-----------+
    |InA_address0       |   25|          5|   11|         55|
    |InA_ce0            |   25|          5|    1|          5|
    |InA_d0             |   20|          4|   32|        128|
    |InA_we0            |   20|          4|    1|          4|
    |InI_address0       |   20|          4|   11|         44|
    |InI_ce0            |   20|          4|    1|          4|
    |InI_ce1            |    9|          2|    1|          2|
    |InI_d0             |   20|          4|   32|        128|
    |InI_we0            |   20|          4|    1|          4|
    |InI_we1            |    9|          2|    1|          2|
    |InR_address0       |   25|          5|   11|         55|
    |InR_ce0            |   25|          5|    1|          5|
    |InR_ce1            |    9|          2|    1|          2|
    |InR_d0             |   25|          5|   32|        160|
    |InR_we0            |   25|          5|    1|          5|
    |InR_we1            |    9|          2|    1|          2|
    |ap_NS_fsm          |  142|         32|    1|         32|
    |grp_fu_188_ce      |   14|          3|    1|          3|
    |grp_fu_188_opcode  |   14|          3|    2|          6|
    |grp_fu_188_p0      |   14|          3|   32|         96|
    |grp_fu_188_p1      |   14|          3|   32|         96|
    |grp_fu_192_ce      |   14|          3|    1|          3|
    |grp_fu_192_p0      |   14|          3|   32|         96|
    |grp_fu_192_p1      |   14|          3|   32|         96|
    |grp_fu_255_ce      |   14|          3|    1|          3|
    |grp_fu_255_opcode  |   14|          3|    2|          6|
    |grp_fu_255_p0      |   14|          3|   32|         96|
    |grp_fu_255_p1      |   14|          3|   32|         96|
    |grp_fu_259_ce      |   14|          3|    1|          3|
    |grp_fu_259_p0      |   14|          3|   32|         96|
    |grp_fu_259_p1      |   14|          3|   32|         96|
    |spectrum_address0  |   25|          5|   11|         55|
    |spectrum_ce0       |   25|          5|    1|          5|
    |spectrum_d0        |   14|          3|   32|         96|
    |spectrum_we0       |   14|          3|    1|          3|
    +-------------------+-----+-----------+-----+-----------+
    |Total              |  722|        152|  449|       1588|
    +-------------------+-----+-----------+-----+-----------+

    * Register: 
    +------------------------------------------------------------+----+----+-----+-----------+
    |                            Name                            | FF | LUT| Bits| Const Bits|
    +------------------------------------------------------------+----+----+-----+-----------+
    |ap_CS_fsm                                                   |  31|   0|   31|          0|
    |bitcast_ln138_reg_222                                       |  32|   0|   32|          0|
    |grp_FFT_fu_148_ap_start_reg                                 |   1|   0|    1|          0|
    |grp_overlay_fea_Pipeline_1_fu_122_ap_start_reg              |   1|   0|    1|          0|
    |grp_overlay_fea_Pipeline_2_fu_128_ap_start_reg              |   1|   0|    1|          0|
    |grp_overlay_fea_Pipeline_3_fu_134_ap_start_reg              |   1|   0|    1|          0|
    |grp_overlay_fea_Pipeline_Loop_bas_fu_174_ap_start_reg       |   1|   0|    1|          0|
    |grp_overlay_fea_Pipeline_Loop_fft_fu_140_ap_start_reg       |   1|   0|    1|          0|
    |grp_overlay_fea_Pipeline_Loop_fftclear_fu_180_ap_start_reg  |   1|   0|    1|          0|
    |grp_overlay_fea_Pipeline_Loop_freq_fu_167_ap_start_reg      |   1|   0|    1|          0|
    |spectrum_load_1_reg_237                                     |  32|   0|   32|          0|
    |spectrum_load_reg_242                                       |  32|   0|   32|          0|
    |vlf_bas_reg_247                                             |  32|   0|   32|          0|
    +------------------------------------------------------------+----+----+-----+-----------+
    |Total                                                       | 167|   0|  167|          0|
    +------------------------------------------------------------+----+----+-----+-----------+



================================================================
== Interface
================================================================
* Summary: 
+-------------------+-----+-----+------------+--------------+--------------+
|     RTL Ports     | Dir | Bits|  Protocol  | Source Object|    C Type    |
+-------------------+-----+-----+------------+--------------+--------------+
|ap_local_block     |  out|    1|  ap_ctrl_hs|   overlay_fea|  return value|
|ap_local_deadlock  |  out|    1|  ap_ctrl_hs|   overlay_fea|  return value|
|ap_clk             |   in|    1|  ap_ctrl_hs|   overlay_fea|  return value|
|ap_rst             |   in|    1|  ap_ctrl_hs|   overlay_fea|  return value|
|ap_start           |   in|    1|  ap_ctrl_hs|   overlay_fea|  return value|
|ap_done            |  out|    1|  ap_ctrl_hs|   overlay_fea|  return value|
|ap_idle            |  out|    1|  ap_ctrl_hs|   overlay_fea|  return value|
|ap_ready           |  out|    1|  ap_ctrl_hs|   overlay_fea|  return value|
|data               |   in|   32|     ap_none|          data|       pointer|
|length_r           |   in|   32|     ap_none|      length_r|        scalar|
|basSQI             |  out|   32|      ap_vld|        basSQI|       pointer|
|basSQI_ap_vld      |  out|    1|      ap_vld|        basSQI|       pointer|
+-------------------+-----+-----+------------+--------------+--------------+

