

================================================================
== Vitis HLS Report for 'overlay_fea_Pipeline_1'
================================================================
* Date:           Tue Mar 26 17:24:07 2024

* Version:        2021.2 (Build 3367213 on Tue Oct 19 02:48:09 MDT 2021)
* Project:        sqi_ap
* Solution:       solution_SQIs (Vivado IP Flow Target)
* Product family: zynq
* Target device:  xc7z020-clg400-1


================================================================
== Performance Estimates
================================================================
+ Timing: 
    * Summary: 
    +--------+----------+----------+------------+
    |  Clock |  Target  | Estimated| Uncertainty|
    +--------+----------+----------+------------+
    |ap_clk  |  10.00 ns|  7.300 ns|     2.70 ns|
    +--------+----------+----------+------------+

+ Latency: 
    * Summary: 
    +---------+---------+-----------+-----------+------+------+---------+
    |  Latency (cycles) |   Latency (absolute)  |   Interval  | Pipeline|
    |   min   |   max   |    min    |    max    |  min |  max |   Type  |
    +---------+---------+-----------+-----------+------+------+---------+
    |     2003|     2003|  20.030 us|  20.030 us|  2003|  2003|       no|
    +---------+---------+-----------+-----------+------+------+---------+

    + Detail: 
        * Instance: 
        N/A

        * Loop: 
        +----------+---------+---------+----------+-----------+-----------+------+----------+
        |          |  Latency (cycles) | Iteration|  Initiation Interval  | Trip |          |
        | Loop Name|   min   |   max   |  Latency |  achieved |   target  | Count| Pipelined|
        +----------+---------+---------+----------+-----------+-----------+------+----------+
        |- Loop 1  |     2001|     2001|         3|          1|          1|  2000|       yes|
        +----------+---------+---------+----------+-----------+-----------+------+----------+

============================================================
+ Verbose Summary: Synthesis Manager
============================================================
InlineROM: 1
ExposeGlobal: 0
============================================================
+ Verbose Summary: CDFG Model
============================================================
IsTopModel: 0
ResetActiveHigh: 1
IsCombinational: 0
IsDatapathOnly: 0
HasWiredReturn: 1
HasMFsm: 2
HasVarLatency: 1
IsPipeline: 0
IsRtlPipelined: 0
IsInstanceOverlapped: 0
IsDontTouch: 0
HasImplIP: 0
IsGatedGlobalClock: 0

+ Individual pipeline summary: 
  * Pipeline-0: initiation interval (II) = 1, depth = 3


============================================================
+ Verbose Summary: Schedule
============================================================
* Number of FSM states : 3
* Pipeline : 1
  Pipeline-0 : II = 1, D = 3, States = { 1 2 3 }
* Dataflow Pipeline: 0

* FSM state transitions: 
1 --> 2 
2 --> 3 
3 --> 

* FSM state operations: 

State 1 <SV = 0> <Delay = 3.46>
ST_1 : Operation 6 [1/1] (0.00ns)   --->   "%loop_index = alloca i32 1"   --->   Operation 6 'alloca' 'loop_index' <Predicate = true> <Delay = 0.00>
ST_1 : Operation 7 [1/1] (0.00ns)   --->   "%sext_ln43_read = read i62 @_ssdm_op_Read.ap_auto.i62, i62 %sext_ln43"   --->   Operation 7 'read' 'sext_ln43_read' <Predicate = true> <Delay = 0.00>
ST_1 : Operation 8 [1/1] (0.00ns)   --->   "%sext_ln43_cast = sext i62 %sext_ln43_read"   --->   Operation 8 'sext' 'sext_ln43_cast' <Predicate = true> <Delay = 0.00>
ST_1 : Operation 9 [1/1] (0.00ns)   --->   "%specinterface_ln0 = specinterface void @_ssdm_op_SpecInterface, i32 %gmem, void @empty, i32 0, i32 0, void @empty_0, i32 0, i32 2000, void @empty_1, void @empty_2, void @empty_0, i32 16, i32 16, i32 16, i32 16, void @empty_0, void @empty_0"   --->   Operation 9 'specinterface' 'specinterface_ln0' <Predicate = true> <Delay = 0.00>
ST_1 : Operation 10 [1/1] (1.58ns)   --->   "%store_ln0 = store i11 0, i11 %loop_index"   --->   Operation 10 'store' 'store_ln0' <Predicate = true> <Delay = 1.58>
ST_1 : Operation 11 [1/1] (0.00ns)   --->   "%br_ln0 = br void %load-store-loop"   --->   Operation 11 'br' 'br_ln0' <Predicate = true> <Delay = 0.00>
ST_1 : Operation 12 [1/1] (0.00ns)   --->   "%loop_index_load = load i11 %loop_index"   --->   Operation 12 'load' 'loop_index_load' <Predicate = true> <Delay = 0.00>
ST_1 : Operation 13 [1/1] (1.88ns)   --->   "%exitcond75 = icmp_eq  i11 %loop_index_load, i11 2000"   --->   Operation 13 'icmp' 'exitcond75' <Predicate = true> <Delay = 1.88> <CoreInst = "Cmp">   --->   Core 9 'Cmp' <Latency = 0> <II = 1> <Delay = 1.88> <FuncUnit> <Opcode : 'icmp'> <InPorts = 2> <OutPorts = 1>
ST_1 : Operation 14 [1/1] (1.63ns)   --->   "%empty = add i11 %loop_index_load, i11 1"   --->   Operation 14 'add' 'empty' <Predicate = true> <Delay = 1.63> <CoreInst = "Adder">   --->   Core 1 'Adder' <Latency = 0> <II = 1> <Delay = 1.63> <FuncUnit> <Opcode : 'add' 'sub'> <InPorts = 2> <OutPorts = 1>
ST_1 : Operation 15 [1/1] (0.00ns)   --->   "%br_ln0 = br i1 %exitcond75, void %load-store-loop.split, void %memcpy-split.exitStub"   --->   Operation 15 'br' 'br_ln0' <Predicate = true> <Delay = 0.00>
ST_1 : Operation 16 [1/1] (1.58ns)   --->   "%store_ln0 = store i11 %empty, i11 %loop_index"   --->   Operation 16 'store' 'store_ln0' <Predicate = (!exitcond75)> <Delay = 1.58>

State 2 <SV = 1> <Delay = 7.30>
ST_2 : Operation 17 [1/1] (0.00ns)   --->   "%specbitsmap_ln0 = specbitsmap void @_ssdm_op_SpecBitsMap, i32 %gmem"   --->   Operation 17 'specbitsmap' 'specbitsmap_ln0' <Predicate = true> <Delay = 0.00>
ST_2 : Operation 18 [1/1] (0.00ns)   --->   "%gmem_addr = getelementptr i32 %gmem, i64 %sext_ln43_cast" [feature.c:43]   --->   Operation 18 'getelementptr' 'gmem_addr' <Predicate = true> <Delay = 0.00>
ST_2 : Operation 19 [1/1] (0.00ns)   --->   "%specpipeline_ln0 = specpipeline void @_ssdm_op_SpecPipeline, i32 4294967295, i32 0, i32 1, i32 0, void @p_str"   --->   Operation 19 'specpipeline' 'specpipeline_ln0' <Predicate = true> <Delay = 0.00>
ST_2 : Operation 20 [1/1] (0.00ns)   --->   "%speclooptripcount_ln0 = speclooptripcount void @_ssdm_op_SpecLoopTripCount, i64 2000, i64 2000, i64 2000"   --->   Operation 20 'speclooptripcount' 'speclooptripcount_ln0' <Predicate = true> <Delay = 0.00>
ST_2 : Operation 21 [1/1] (7.30ns)   --->   "%gmem_addr_read = read i32 @_ssdm_op_Read.m_axi.p1i32, i32 %gmem_addr" [feature.c:43]   --->   Operation 21 'read' 'gmem_addr_read' <Predicate = (!exitcond75)> <Delay = 7.30> <CoreInst = "m_axi">   --->   Core 113 'm_axi' <Latency = 6> <II = 1> <Delay = 1.00> <Adapter> <Opcode : 'read' 'write' 'readreq' 'writereq' 'writeresp'>
ST_2 : Operation 27 [1/1] (0.00ns)   --->   "%ret_ln0 = ret"   --->   Operation 27 'ret' 'ret_ln0' <Predicate = (exitcond75)> <Delay = 0.00>

State 3 <SV = 2> <Delay = 3.25>
ST_3 : Operation 22 [1/1] (0.00ns)   --->   "%loop_index_cast = zext i11 %loop_index_load"   --->   Operation 22 'zext' 'loop_index_cast' <Predicate = true> <Delay = 0.00>
ST_3 : Operation 23 [1/1] (0.00ns)   --->   "%empty_16 = bitcast i32 %gmem_addr_read" [feature.c:43]   --->   Operation 23 'bitcast' 'empty_16' <Predicate = true> <Delay = 0.00>
ST_3 : Operation 24 [1/1] (0.00ns)   --->   "%buff_addr = getelementptr i32 %buff, i64 0, i64 %loop_index_cast"   --->   Operation 24 'getelementptr' 'buff_addr' <Predicate = true> <Delay = 0.00>
ST_3 : Operation 25 [1/1] (3.25ns)   --->   "%store_ln43 = store i32 %empty_16, i11 %buff_addr" [feature.c:43]   --->   Operation 25 'store' 'store_ln43' <Predicate = true> <Delay = 3.25> <CoreInst = "RAM">   --->   Core 82 'RAM' <Latency = 1> <II = 1> <Delay = 3.25> <Storage> <Opcode : 'load' 'store'> <Ports = 2> <Width = 32> <Depth = 2000> <RAM>
ST_3 : Operation 26 [1/1] (0.00ns)   --->   "%br_ln0 = br void %load-store-loop"   --->   Operation 26 'br' 'br_ln0' <Predicate = true> <Delay = 0.00>


============================================================
+ Verbose Summary: Binding
============================================================
STG Binding: 
---------------- STG Properties BEGIN ----------------
- Is combinational: 0
- Is one-state seq: 0
- Is datapath-only: 0
- Is pipelined: 0
- Is top level: 0
Port [ Return ] is wired: 1; IO mode=ap_ctrl_hs:ce=0
Port [ gmem]:  wired=1; compound=1; hidden=0; nouse=0; global=0; static=0; extern=0; dir=0; type=4; pingpong=0; private_global=0; IO mode=m_axi:ce=0
Port [ sext_ln43]:  wired=1; compound=0; hidden=0; nouse=0; global=0; static=0; extern=0; dir=0; type=0; pingpong=0; private_global=0; IO mode=ap_none:ce=0
Port [ buff]:  wired=1; compound=1; hidden=0; nouse=0; global=0; static=0; extern=0; dir=1; type=1; pingpong=0; private_global=0; MemPort=[03]; IO mode=ap_memory:ce=0
---------------- STG Properties END ------------------

---------------- Datapath Model BEGIN ----------------

<LifeTime>
<method=bitvector/>
loop_index            (alloca           ) [ 0100]
sext_ln43_read        (read             ) [ 0000]
sext_ln43_cast        (sext             ) [ 0110]
specinterface_ln0     (specinterface    ) [ 0000]
store_ln0             (store            ) [ 0000]
br_ln0                (br               ) [ 0000]
loop_index_load       (load             ) [ 0111]
exitcond75            (icmp             ) [ 0110]
empty                 (add              ) [ 0000]
br_ln0                (br               ) [ 0000]
store_ln0             (store            ) [ 0000]
specbitsmap_ln0       (specbitsmap      ) [ 0000]
gmem_addr             (getelementptr    ) [ 0000]
specpipeline_ln0      (specpipeline     ) [ 0000]
speclooptripcount_ln0 (speclooptripcount) [ 0000]
gmem_addr_read        (read             ) [ 0101]
loop_index_cast       (zext             ) [ 0000]
empty_16              (bitcast          ) [ 0000]
buff_addr             (getelementptr    ) [ 0000]
store_ln43            (store            ) [ 0000]
br_ln0                (br               ) [ 0000]
ret_ln0               (ret              ) [ 0000]
</LifeTime>

<model>

<comp_list>
<comp id="0" class="1000" name="gmem">
<pin_list>
<pin id="1" dir="1" index="0" bw="1" slack="0"/>
</pin_list>
<bind>
<StgValue><ssdm name="gmem"/></StgValue>
</bind>
</comp>

<comp id="2" class="1000" name="sext_ln43">
<pin_list>
<pin id="3" dir="1" index="0" bw="1" slack="0"/>
</pin_list>
<bind>
<StgValue><ssdm name="sext_ln43"/></StgValue>
</bind>
</comp>

<comp id="4" class="1000" name="buff">
<pin_list>
<pin id="5" dir="1" index="0" bw="1" slack="0"/>
</pin_list>
<bind>
<StgValue><ssdm name="buff"/><MemPortTyVec>0 3 </MemPortTyVec>
</StgValue>
</bind>
</comp>

<comp id="6" class="1001" name="const_6">
<pin_list>
<pin id="7" dir="1" index="0" bw="1" slack="0"/>
</pin_list>
<bind>
<StgValue><ssdm name=""/></StgValue>
</bind>
</comp>

<comp id="8" class="1001" name="const_8">
<pin_list>
<pin id="9" dir="1" index="0" bw="1" slack="0"/>
</pin_list>
<bind>
<StgValue><ssdm name="_ssdm_op_Read.ap_auto.i62"/></StgValue>
</bind>
</comp>

<comp id="10" class="1001" name="const_10">
<pin_list>
<pin id="11" dir="1" index="0" bw="1" slack="2147483647"/>
</pin_list>
<bind>
<StgValue><ssdm name="_ssdm_op_SpecInterface"/></StgValue>
</bind>
</comp>

<comp id="12" class="1001" name="const_12">
<pin_list>
<pin id="13" dir="1" index="0" bw="1" slack="2147483647"/>
</pin_list>
<bind>
<StgValue><ssdm name="empty"/></StgValue>
</bind>
</comp>

<comp id="14" class="1001" name="const_14">
<pin_list>
<pin id="15" dir="1" index="0" bw="1" slack="2147483647"/>
</pin_list>
<bind>
<StgValue><ssdm name=""/></StgValue>
</bind>
</comp>

<comp id="16" class="1001" name="const_16">
<pin_list>
<pin id="17" dir="1" index="0" bw="1" slack="2147483647"/>
</pin_list>
<bind>
<StgValue><ssdm name="empty_0"/></StgValue>
</bind>
</comp>

<comp id="18" class="1001" name="const_18">
<pin_list>
<pin id="19" dir="1" index="0" bw="1" slack="2147483647"/>
</pin_list>
<bind>
<StgValue><ssdm name=""/></StgValue>
</bind>
</comp>

<comp id="20" class="1001" name="const_20">
<pin_list>
<pin id="21" dir="1" index="0" bw="1" slack="2147483647"/>
</pin_list>
<bind>
<StgValue><ssdm name="empty_1"/></StgValue>
</bind>
</comp>

<comp id="22" class="1001" name="const_22">
<pin_list>
<pin id="23" dir="1" index="0" bw="1" slack="2147483647"/>
</pin_list>
<bind>
<StgValue><ssdm name="empty_2"/></StgValue>
</bind>
</comp>

<comp id="24" class="1001" name="const_24">
<pin_list>
<pin id="25" dir="1" index="0" bw="1" slack="2147483647"/>
</pin_list>
<bind>
<StgValue><ssdm name=""/></StgValue>
</bind>
</comp>

<comp id="26" class="1001" name="const_26">
<pin_list>
<pin id="27" dir="1" index="0" bw="1" slack="0"/>
</pin_list>
<bind>
<StgValue><ssdm name=""/></StgValue>
</bind>
</comp>

<comp id="28" class="1001" name="const_28">
<pin_list>
<pin id="29" dir="1" index="0" bw="1" slack="0"/>
</pin_list>
<bind>
<StgValue><ssdm name=""/></StgValue>
</bind>
</comp>

<comp id="30" class="1001" name="const_30">
<pin_list>
<pin id="31" dir="1" index="0" bw="1" slack="0"/>
</pin_list>
<bind>
<StgValue><ssdm name=""/></StgValue>
</bind>
</comp>

<comp id="32" class="1001" name="const_32">
<pin_list>
<pin id="33" dir="1" index="0" bw="1" slack="2147483647"/>
</pin_list>
<bind>
<StgValue><ssdm name="_ssdm_op_SpecBitsMap"/></StgValue>
</bind>
</comp>

<comp id="34" class="1001" name="const_34">
<pin_list>
<pin id="35" dir="1" index="0" bw="1" slack="2147483647"/>
</pin_list>
<bind>
<StgValue><ssdm name="_ssdm_op_SpecPipeline"/></StgValue>
</bind>
</comp>

<comp id="36" class="1001" name="const_36">
<pin_list>
<pin id="37" dir="1" index="0" bw="1" slack="2147483647"/>
</pin_list>
<bind>
<StgValue><ssdm name=""/></StgValue>
</bind>
</comp>

<comp id="38" class="1001" name="const_38">
<pin_list>
<pin id="39" dir="1" index="0" bw="1" slack="2147483647"/>
</pin_list>
<bind>
<StgValue><ssdm name="p_str"/></StgValue>
</bind>
</comp>

<comp id="40" class="1001" name="const_40">
<pin_list>
<pin id="41" dir="1" index="0" bw="1" slack="2147483647"/>
</pin_list>
<bind>
<StgValue><ssdm name="_ssdm_op_SpecLoopTripCount"/></StgValue>
</bind>
</comp>

<comp id="42" class="1001" name="const_42">
<pin_list>
<pin id="43" dir="1" index="0" bw="1" slack="2147483647"/>
</pin_list>
<bind>
<StgValue><ssdm name=""/></StgValue>
</bind>
</comp>

<comp id="44" class="1001" name="const_44">
<pin_list>
<pin id="45" dir="1" index="0" bw="1" slack="0"/>
</pin_list>
<bind>
<StgValue><ssdm name="_ssdm_op_Read.m_axi.p1i32"/></StgValue>
</bind>
</comp>

<comp id="46" class="1001" name="const_46">
<pin_list>
<pin id="47" dir="1" index="0" bw="1" slack="0"/>
</pin_list>
<bind>
<StgValue><ssdm name=""/></StgValue>
</bind>
</comp>

<comp id="48" class="1004" name="loop_index_fu_48">
<pin_list>
<pin id="49" dir="0" index="0" bw="1" slack="0"/>
<pin id="50" dir="1" index="1" bw="11" slack="0"/>
</pin_list>
<bind>
<opcode="alloca(26) " fcode="alloca"/>
<opset="loop_index/1 "/>
</bind>
</comp>

<comp id="52" class="1004" name="sext_ln43_read_read_fu_52">
<pin_list>
<pin id="53" dir="0" index="0" bw="62" slack="0"/>
<pin id="54" dir="0" index="1" bw="62" slack="0"/>
<pin id="55" dir="1" index="2" bw="62" slack="0"/>
</pin_list>
<bind>
<opcode="read(1150) " fcode="read"/>
<opset="sext_ln43_read/1 "/>
</bind>
</comp>

<comp id="58" class="1004" name="gmem_addr_read_read_fu_58">
<pin_list>
<pin id="59" dir="0" index="0" bw="32" slack="0"/>
<pin id="60" dir="0" index="1" bw="32" slack="0"/>
<pin id="61" dir="1" index="2" bw="32" slack="1"/>
</pin_list>
<bind>
<opcode="read(1150) " fcode="read"/>
<opset="gmem_addr_read/2 "/>
</bind>
</comp>

<comp id="63" class="1004" name="buff_addr_gep_fu_63">
<pin_list>
<pin id="64" dir="0" index="0" bw="32" slack="0"/>
<pin id="65" dir="0" index="1" bw="1" slack="0"/>
<pin id="66" dir="0" index="2" bw="11" slack="0"/>
<pin id="67" dir="1" index="3" bw="11" slack="0"/>
</pin_list>
<bind>
<opcode="getelementptr(29) " fcode="getelementptr"/>
<opset="buff_addr/3 "/>
</bind>
</comp>

<comp id="70" class="1004" name="store_ln43_access_fu_70">
<pin_list>
<pin id="71" dir="0" index="0" bw="11" slack="0"/>
<pin id="72" dir="0" index="1" bw="32" slack="0"/>
<pin id="73" dir="0" index="2" bw="0" slack="2147483647"/>
<pin id="74" dir="1" index="3" bw="32" slack="2147483647"/>
</pin_list>
<bind>
<opcode="store(28) " fcode="store"/>
<opset="store_ln43/3 "/>
</bind>
</comp>

<comp id="76" class="1004" name="sext_ln43_cast_fu_76">
<pin_list>
<pin id="77" dir="0" index="0" bw="62" slack="0"/>
<pin id="78" dir="1" index="1" bw="64" slack="1"/>
</pin_list>
<bind>
<opcode="sext(35) " fcode="sext"/>
<opset="sext_ln43_cast/1 "/>
</bind>
</comp>

<comp id="80" class="1004" name="store_ln0_store_fu_80">
<pin_list>
<pin id="81" dir="0" index="0" bw="1" slack="0"/>
<pin id="82" dir="0" index="1" bw="11" slack="0"/>
<pin id="83" dir="1" index="2" bw="0" slack="2147483647"/>
</pin_list>
<bind>
<opcode="store(28) " fcode="store"/>
<opset="store_ln0/1 "/>
</bind>
</comp>

<comp id="85" class="1004" name="loop_index_load_load_fu_85">
<pin_list>
<pin id="86" dir="0" index="0" bw="11" slack="0"/>
<pin id="87" dir="1" index="1" bw="11" slack="0"/>
</pin_list>
<bind>
<opcode="load(27) " fcode="load"/>
<opset="loop_index_load/1 "/>
</bind>
</comp>

<comp id="88" class="1004" name="exitcond75_fu_88">
<pin_list>
<pin id="89" dir="0" index="0" bw="11" slack="0"/>
<pin id="90" dir="0" index="1" bw="7" slack="0"/>
<pin id="91" dir="1" index="2" bw="1" slack="1"/>
</pin_list>
<bind>
<opcode="icmp(45) " fcode="icmp"/>
<opset="exitcond75/1 "/>
</bind>
</comp>

<comp id="94" class="1004" name="empty_fu_94">
<pin_list>
<pin id="95" dir="0" index="0" bw="11" slack="0"/>
<pin id="96" dir="0" index="1" bw="1" slack="0"/>
<pin id="97" dir="1" index="2" bw="11" slack="0"/>
</pin_list>
<bind>
<opcode="add(8) " fcode="add"/>
<opset="empty/1 "/>
</bind>
</comp>

<comp id="100" class="1004" name="store_ln0_store_fu_100">
<pin_list>
<pin id="101" dir="0" index="0" bw="11" slack="0"/>
<pin id="102" dir="0" index="1" bw="11" slack="0"/>
<pin id="103" dir="1" index="2" bw="0" slack="2147483647"/>
</pin_list>
<bind>
<opcode="store(28) " fcode="store"/>
<opset="store_ln0/1 "/>
</bind>
</comp>

<comp id="105" class="1004" name="gmem_addr_fu_105">
<pin_list>
<pin id="106" dir="0" index="0" bw="32" slack="0"/>
<pin id="107" dir="0" index="1" bw="62" slack="1"/>
<pin id="108" dir="1" index="2" bw="32" slack="0"/>
</pin_list>
<bind>
<opcode="getelementptr(29) " fcode="getelementptr"/>
<opset="gmem_addr/2 "/>
</bind>
</comp>

<comp id="111" class="1004" name="loop_index_cast_fu_111">
<pin_list>
<pin id="112" dir="0" index="0" bw="11" slack="2"/>
<pin id="113" dir="1" index="1" bw="64" slack="0"/>
</pin_list>
<bind>
<opcode="zext(34) " fcode="zext"/>
<opset="loop_index_cast/3 "/>
</bind>
</comp>

<comp id="115" class="1004" name="empty_16_fu_115">
<pin_list>
<pin id="116" dir="0" index="0" bw="32" slack="1"/>
<pin id="117" dir="1" index="1" bw="32" slack="0"/>
</pin_list>
<bind>
<opcode="bitcast(44) " fcode="bitcast"/>
<opset="empty_16/3 "/>
</bind>
</comp>

<comp id="119" class="1005" name="loop_index_reg_119">
<pin_list>
<pin id="120" dir="0" index="0" bw="11" slack="0"/>
<pin id="121" dir="1" index="1" bw="11" slack="0"/>
</pin_list>
<bind>
<opset="loop_index "/>
</bind>
</comp>

<comp id="126" class="1005" name="sext_ln43_cast_reg_126">
<pin_list>
<pin id="127" dir="0" index="0" bw="64" slack="1"/>
<pin id="128" dir="1" index="1" bw="64" slack="1"/>
</pin_list>
<bind>
<opset="sext_ln43_cast "/>
</bind>
</comp>

<comp id="131" class="1005" name="loop_index_load_reg_131">
<pin_list>
<pin id="132" dir="0" index="0" bw="11" slack="2"/>
<pin id="133" dir="1" index="1" bw="11" slack="2"/>
</pin_list>
<bind>
<opset="loop_index_load "/>
</bind>
</comp>

<comp id="136" class="1005" name="exitcond75_reg_136">
<pin_list>
<pin id="137" dir="0" index="0" bw="1" slack="1"/>
<pin id="138" dir="1" index="1" bw="1" slack="2147483647"/>
</pin_list>
<bind>
<opset="exitcond75 "/>
</bind>
</comp>

<comp id="140" class="1005" name="gmem_addr_read_reg_140">
<pin_list>
<pin id="141" dir="0" index="0" bw="32" slack="1"/>
<pin id="142" dir="1" index="1" bw="32" slack="1"/>
</pin_list>
<bind>
<opset="gmem_addr_read "/>
</bind>
</comp>

</comp_list>

<net_list>
<net id="51"><net_src comp="6" pin="0"/><net_sink comp="48" pin=0"/></net>

<net id="56"><net_src comp="8" pin="0"/><net_sink comp="52" pin=0"/></net>

<net id="57"><net_src comp="2" pin="0"/><net_sink comp="52" pin=1"/></net>

<net id="62"><net_src comp="44" pin="0"/><net_sink comp="58" pin=0"/></net>

<net id="68"><net_src comp="4" pin="0"/><net_sink comp="63" pin=0"/></net>

<net id="69"><net_src comp="46" pin="0"/><net_sink comp="63" pin=1"/></net>

<net id="75"><net_src comp="63" pin="3"/><net_sink comp="70" pin=0"/></net>

<net id="79"><net_src comp="52" pin="2"/><net_sink comp="76" pin=0"/></net>

<net id="84"><net_src comp="26" pin="0"/><net_sink comp="80" pin=0"/></net>

<net id="92"><net_src comp="85" pin="1"/><net_sink comp="88" pin=0"/></net>

<net id="93"><net_src comp="28" pin="0"/><net_sink comp="88" pin=1"/></net>

<net id="98"><net_src comp="85" pin="1"/><net_sink comp="94" pin=0"/></net>

<net id="99"><net_src comp="30" pin="0"/><net_sink comp="94" pin=1"/></net>

<net id="104"><net_src comp="94" pin="2"/><net_sink comp="100" pin=0"/></net>

<net id="109"><net_src comp="0" pin="0"/><net_sink comp="105" pin=0"/></net>

<net id="110"><net_src comp="105" pin="2"/><net_sink comp="58" pin=1"/></net>

<net id="114"><net_src comp="111" pin="1"/><net_sink comp="63" pin=2"/></net>

<net id="118"><net_src comp="115" pin="1"/><net_sink comp="70" pin=1"/></net>

<net id="122"><net_src comp="48" pin="1"/><net_sink comp="119" pin=0"/></net>

<net id="123"><net_src comp="119" pin="1"/><net_sink comp="80" pin=1"/></net>

<net id="124"><net_src comp="119" pin="1"/><net_sink comp="85" pin=0"/></net>

<net id="125"><net_src comp="119" pin="1"/><net_sink comp="100" pin=1"/></net>

<net id="129"><net_src comp="76" pin="1"/><net_sink comp="126" pin=0"/></net>

<net id="130"><net_src comp="126" pin="1"/><net_sink comp="105" pin=1"/></net>

<net id="134"><net_src comp="85" pin="1"/><net_sink comp="131" pin=0"/></net>

<net id="135"><net_src comp="131" pin="1"/><net_sink comp="111" pin=0"/></net>

<net id="139"><net_src comp="88" pin="2"/><net_sink comp="136" pin=0"/></net>

<net id="143"><net_src comp="58" pin="2"/><net_sink comp="140" pin=0"/></net>

<net id="144"><net_src comp="140" pin="1"/><net_sink comp="115" pin=0"/></net>

</net_list>

</model> 
---------------- Datapath Model END ------------------

* FSMD analyzer results:
  - Output states:
	Port: buff | {3 }
 - Input state : 
	Port: overlay_fea_Pipeline_1 : gmem | {2 }
	Port: overlay_fea_Pipeline_1 : sext_ln43 | {1 }
  - Chain level:
	State 1
		store_ln0 : 1
		loop_index_load : 1
		exitcond75 : 2
		empty : 2
		br_ln0 : 3
		store_ln0 : 3
	State 2
		gmem_addr_read : 1
	State 3
		buff_addr : 1
		store_ln43 : 2


============================================================
+ Verbose Summary: Datapath Resource usage 
============================================================

* Functional unit list:
|----------|---------------------------|---------|---------|
| Operation|      Functional Unit      |    FF   |   LUT   |
|----------|---------------------------|---------|---------|
|    add   |        empty_fu_94        |    0    |    12   |
|----------|---------------------------|---------|---------|
|   icmp   |      exitcond75_fu_88     |    0    |    11   |
|----------|---------------------------|---------|---------|
|   read   | sext_ln43_read_read_fu_52 |    0    |    0    |
|          | gmem_addr_read_read_fu_58 |    0    |    0    |
|----------|---------------------------|---------|---------|
|   sext   |    sext_ln43_cast_fu_76   |    0    |    0    |
|----------|---------------------------|---------|---------|
|   zext   |   loop_index_cast_fu_111  |    0    |    0    |
|----------|---------------------------|---------|---------|
|   Total  |                           |    0    |    23   |
|----------|---------------------------|---------|---------|

Memories:
N/A

* Register list:
+-----------------------+--------+
|                       |   FF   |
+-----------------------+--------+
|   exitcond75_reg_136  |    1   |
| gmem_addr_read_reg_140|   32   |
|loop_index_load_reg_131|   11   |
|   loop_index_reg_119  |   11   |
| sext_ln43_cast_reg_126|   64   |
+-----------------------+--------+
|         Total         |   119  |
+-----------------------+--------+

* Multiplexer (MUX) list: 
|--------|------|------|------|--------|
|  Comp  |  Pin | Size |  BW  | S x BW |
|--------|------|------|------|--------|
|  Total |      |      |      |    0   |
|--------|------|------|------|--------|



* Summary:
+-----------+--------+--------+
|           |   FF   |   LUT  |
+-----------+--------+--------+
|  Function |    0   |   23   |
|   Memory  |    -   |    -   |
|Multiplexer|    -   |    -   |
|  Register |   119  |    -   |
+-----------+--------+--------+
|   Total   |   119  |   23   |
+-----------+--------+--------+
