

================================================================
== Vitis HLS Report for 'overlay_fea'
================================================================
* Date:           Tue Mar 26 17:24:08 2024

* Version:        2021.2 (Build 3367213 on Tue Oct 19 02:48:09 MDT 2021)
* Project:        sqi_ap
* Solution:       solution_SQIs (Vivado IP Flow Target)
* Product family: zynq
* Target device:  xc7z020-clg400-1


================================================================
== Performance Estimates
================================================================
+ Timing: 
    * Summary: 
    +--------+----------+----------+------------+
    |  Clock |  Target  | Estimated| Uncertainty|
    +--------+----------+----------+------------+
    |ap_clk  |  10.00 ns|  7.300 ns|     2.70 ns|
    +--------+----------+----------+------------+

+ Latency: 
    * Summary: 
    +---------+---------+-----------+----------+------+-------+---------+
    |  Latency (cycles) |  Latency (absolute)  |   Interval   | Pipeline|
    |   min   |   max   |    min    |    max   |  min |  max  |   Type  |
    +---------+---------+-----------+----------+------+-------+---------+
    |     2048|    22089|  20.480 us|  0.221 ms|  2049|  22090|       no|
    +---------+---------+-----------+----------+------+-------+---------+

    + Detail: 
        * Instance: 
        N/A

        * Loop: 
        N/A

============================================================
+ Verbose Summary: Synthesis Manager
============================================================
InlineROM: 1
ExposeGlobal: 0
============================================================
+ Verbose Summary: CDFG Model
============================================================
IsTopModel: 1
ResetActiveHigh: 1
IsCombinational: 0
IsDatapathOnly: 0
HasWiredReturn: 1
HasMFsm: 0
HasVarLatency: 1
IsPipeline: 0
IsRtlPipelined: 0
IsInstanceOverlapped: 0
IsDontTouch: 0
HasImplIP: 0
IsGatedGlobalClock: 0


============================================================
+ Verbose Summary: Schedule
============================================================
* Number of FSM states : 66
* Pipeline : 0
* Dataflow Pipeline: 0

* FSM state transitions: 
1 --> 2 
2 --> 3 
3 --> 4 
4 --> 5 
5 --> 6 
6 --> 7 
7 --> 8 
8 --> 9 
9 --> 10 
10 --> 11 31 
11 --> 12 
12 --> 13 
13 --> 14 
14 --> 15 
15 --> 16 
16 --> 17 
17 --> 18 
18 --> 19 
19 --> 20 
20 --> 21 
21 --> 22 
22 --> 23 
23 --> 24 
24 --> 25 
25 --> 26 
26 --> 27 
27 --> 28 
28 --> 29 
29 --> 30 
30 --> 31 
31 --> 32 
32 --> 33 
33 --> 34 
34 --> 35 
35 --> 36 
36 --> 37 
37 --> 38 
38 --> 39 
39 --> 40 
40 --> 41 
41 --> 42 
42 --> 43 
43 --> 44 
44 --> 45 
45 --> 46 
46 --> 47 
47 --> 48 
48 --> 49 
49 --> 50 
50 --> 51 
51 --> 52 
52 --> 53 
53 --> 54 
54 --> 55 
55 --> 56 
56 --> 57 
57 --> 58 
58 --> 59 
59 --> 60 
60 --> 61 
61 --> 62 
62 --> 63 
63 --> 64 
64 --> 65 
65 --> 66 
66 --> 

* FSM state operations: 

State 1 <SV = 0> <Delay = 1.00>
ST_1 : Operation 67 [1/1] (1.00ns)   --->   "%data_read = read i64 @_ssdm_op_Read.s_axilite.i64, i64 %data"   --->   Operation 67 'read' 'data_read' <Predicate = true> <Delay = 1.00> <CoreInst = "s_axilite">   --->   Core 114 's_axilite' <Latency = 0> <II = 1> <Delay = 1.00> <Adapter> <Opcode : 'read' 'write'>
ST_1 : Operation 68 [1/1] (0.00ns)   --->   "%m2_loc = alloca i64 1"   --->   Operation 68 'alloca' 'm2_loc' <Predicate = true> <Delay = 0.00>
ST_1 : Operation 69 [1/1] (0.00ns)   --->   "%m4_loc = alloca i64 1"   --->   Operation 69 'alloca' 'm4_loc' <Predicate = true> <Delay = 0.00>
ST_1 : Operation 70 [1/1] (0.00ns)   --->   "%sum_loc = alloca i64 1"   --->   Operation 70 'alloca' 'sum_loc' <Predicate = true> <Delay = 0.00>
ST_1 : Operation 71 [1/1] (0.00ns)   --->   "%buff = alloca i64 1" [feature.c:42]   --->   Operation 71 'alloca' 'buff' <Predicate = true> <Delay = 0.00>
ST_1 : Operation 72 [1/1] (0.00ns)   --->   "%trunc_ln = partselect i62 @_ssdm_op_PartSelect.i62.i64.i32.i32, i64 %data_read, i32 2, i32 63" [feature.c:43]   --->   Operation 72 'partselect' 'trunc_ln' <Predicate = true> <Delay = 0.00>

State 2 <SV = 1> <Delay = 7.30>
ST_2 : Operation 73 [1/1] (0.00ns)   --->   "%sext_ln43 = sext i62 %trunc_ln" [feature.c:43]   --->   Operation 73 'sext' 'sext_ln43' <Predicate = true> <Delay = 0.00>
ST_2 : Operation 74 [1/1] (0.00ns)   --->   "%gmem_addr = getelementptr i32 %gmem, i64 %sext_ln43" [feature.c:43]   --->   Operation 74 'getelementptr' 'gmem_addr' <Predicate = true> <Delay = 0.00>
ST_2 : Operation 75 [7/7] (7.30ns)   --->   "%empty = readreq i1 @_ssdm_op_ReadReq.m_axi.p1i32, i32 %gmem_addr, i32 2000" [feature.c:43]   --->   Operation 75 'readreq' 'empty' <Predicate = true> <Delay = 7.30> <CoreInst = "m_axi">   --->   Core 113 'm_axi' <Latency = 5> <II = 1> <Delay = 1.00> <Adapter> <Opcode : 'read' 'write' 'readreq' 'writereq' 'writeresp'>

State 3 <SV = 2> <Delay = 7.30>
ST_3 : Operation 76 [6/7] (7.30ns)   --->   "%empty = readreq i1 @_ssdm_op_ReadReq.m_axi.p1i32, i32 %gmem_addr, i32 2000" [feature.c:43]   --->   Operation 76 'readreq' 'empty' <Predicate = true> <Delay = 7.30> <CoreInst = "m_axi">   --->   Core 113 'm_axi' <Latency = 5> <II = 1> <Delay = 1.00> <Adapter> <Opcode : 'read' 'write' 'readreq' 'writereq' 'writeresp'>

State 4 <SV = 3> <Delay = 7.30>
ST_4 : Operation 77 [5/7] (7.30ns)   --->   "%empty = readreq i1 @_ssdm_op_ReadReq.m_axi.p1i32, i32 %gmem_addr, i32 2000" [feature.c:43]   --->   Operation 77 'readreq' 'empty' <Predicate = true> <Delay = 7.30> <CoreInst = "m_axi">   --->   Core 113 'm_axi' <Latency = 5> <II = 1> <Delay = 1.00> <Adapter> <Opcode : 'read' 'write' 'readreq' 'writereq' 'writeresp'>

State 5 <SV = 4> <Delay = 7.30>
ST_5 : Operation 78 [1/1] (0.00ns)   --->   "%length_r_read = read i32 @_ssdm_op_Read.ap_auto.i32, i32 %length_r"   --->   Operation 78 'read' 'length_r_read' <Predicate = true> <Delay = 0.00>
ST_5 : Operation 79 [4/7] (7.30ns)   --->   "%empty = readreq i1 @_ssdm_op_ReadReq.m_axi.p1i32, i32 %gmem_addr, i32 2000" [feature.c:43]   --->   Operation 79 'readreq' 'empty' <Predicate = true> <Delay = 7.30> <CoreInst = "m_axi">   --->   Core 113 'm_axi' <Latency = 5> <II = 1> <Delay = 1.00> <Adapter> <Opcode : 'read' 'write' 'readreq' 'writereq' 'writeresp'>
ST_5 : Operation 80 [6/6] (6.41ns)   --->   "%conv_i_i = sitofp i32 %length_r_read" [feature.c:17]   --->   Operation 80 'sitofp' 'conv_i_i' <Predicate = true> <Delay = 6.41> <CoreInst = "Int2Float">   --->   Core 62 'Int2Float' <Latency = 5> <II = 1> <Delay = 6.41> <FuncUnit> <Opcode : 'sitofp' 'uitofp'> <InPorts = 1> <OutPorts = 1>

State 6 <SV = 5> <Delay = 7.30>
ST_6 : Operation 81 [3/7] (7.30ns)   --->   "%empty = readreq i1 @_ssdm_op_ReadReq.m_axi.p1i32, i32 %gmem_addr, i32 2000" [feature.c:43]   --->   Operation 81 'readreq' 'empty' <Predicate = true> <Delay = 7.30> <CoreInst = "m_axi">   --->   Core 113 'm_axi' <Latency = 5> <II = 1> <Delay = 1.00> <Adapter> <Opcode : 'read' 'write' 'readreq' 'writereq' 'writeresp'>
ST_6 : Operation 82 [5/6] (6.41ns)   --->   "%conv_i_i = sitofp i32 %length_r_read" [feature.c:17]   --->   Operation 82 'sitofp' 'conv_i_i' <Predicate = true> <Delay = 6.41> <CoreInst = "Int2Float">   --->   Core 62 'Int2Float' <Latency = 5> <II = 1> <Delay = 6.41> <FuncUnit> <Opcode : 'sitofp' 'uitofp'> <InPorts = 1> <OutPorts = 1>

State 7 <SV = 6> <Delay = 7.30>
ST_7 : Operation 83 [2/7] (7.30ns)   --->   "%empty = readreq i1 @_ssdm_op_ReadReq.m_axi.p1i32, i32 %gmem_addr, i32 2000" [feature.c:43]   --->   Operation 83 'readreq' 'empty' <Predicate = true> <Delay = 7.30> <CoreInst = "m_axi">   --->   Core 113 'm_axi' <Latency = 5> <II = 1> <Delay = 1.00> <Adapter> <Opcode : 'read' 'write' 'readreq' 'writereq' 'writeresp'>
ST_7 : Operation 84 [4/6] (6.41ns)   --->   "%conv_i_i = sitofp i32 %length_r_read" [feature.c:17]   --->   Operation 84 'sitofp' 'conv_i_i' <Predicate = true> <Delay = 6.41> <CoreInst = "Int2Float">   --->   Core 62 'Int2Float' <Latency = 5> <II = 1> <Delay = 6.41> <FuncUnit> <Opcode : 'sitofp' 'uitofp'> <InPorts = 1> <OutPorts = 1>

State 8 <SV = 7> <Delay = 7.30>
ST_8 : Operation 85 [1/7] (7.30ns)   --->   "%empty = readreq i1 @_ssdm_op_ReadReq.m_axi.p1i32, i32 %gmem_addr, i32 2000" [feature.c:43]   --->   Operation 85 'readreq' 'empty' <Predicate = true> <Delay = 7.30> <CoreInst = "m_axi">   --->   Core 113 'm_axi' <Latency = 5> <II = 1> <Delay = 1.00> <Adapter> <Opcode : 'read' 'write' 'readreq' 'writereq' 'writeresp'>
ST_8 : Operation 86 [3/6] (6.41ns)   --->   "%conv_i_i = sitofp i32 %length_r_read" [feature.c:17]   --->   Operation 86 'sitofp' 'conv_i_i' <Predicate = true> <Delay = 6.41> <CoreInst = "Int2Float">   --->   Core 62 'Int2Float' <Latency = 5> <II = 1> <Delay = 6.41> <FuncUnit> <Opcode : 'sitofp' 'uitofp'> <InPorts = 1> <OutPorts = 1>

State 9 <SV = 8> <Delay = 6.41>
ST_9 : Operation 87 [2/2] (0.00ns)   --->   "%call_ln43 = call void @overlay_fea_Pipeline_1, i32 %gmem, i62 %trunc_ln, i32 %buff" [feature.c:43]   --->   Operation 87 'call' 'call_ln43' <Predicate = true> <Delay = 0.00> <CoreType = "Generic">   --->   Core 0 '' <Latency = 0> <II = 1> <Delay = 1.00> <Generic> <Opcode : >
ST_9 : Operation 88 [2/6] (6.41ns)   --->   "%conv_i_i = sitofp i32 %length_r_read" [feature.c:17]   --->   Operation 88 'sitofp' 'conv_i_i' <Predicate = true> <Delay = 6.41> <CoreInst = "Int2Float">   --->   Core 62 'Int2Float' <Latency = 5> <II = 1> <Delay = 6.41> <FuncUnit> <Opcode : 'sitofp' 'uitofp'> <InPorts = 1> <OutPorts = 1>

State 10 <SV = 9> <Delay = 6.41>
ST_10 : Operation 89 [1/1] (0.00ns)   --->   "%spectopmodule_ln0 = spectopmodule void @_ssdm_op_SpecTopModule, void @empty_8"   --->   Operation 89 'spectopmodule' 'spectopmodule_ln0' <Predicate = true> <Delay = 0.00>
ST_10 : Operation 90 [1/1] (0.00ns)   --->   "%specinterface_ln0 = specinterface void @_ssdm_op_SpecInterface, i32 %gmem, void @empty, i32 0, i32 0, void @empty_0, i32 0, i32 2000, void @empty_1, void @empty_2, void @empty_0, i32 16, i32 16, i32 16, i32 16, void @empty_0, void @empty_0"   --->   Operation 90 'specinterface' 'specinterface_ln0' <Predicate = true> <Delay = 0.00>
ST_10 : Operation 91 [1/1] (0.00ns)   --->   "%specbitsmap_ln0 = specbitsmap void @_ssdm_op_SpecBitsMap, i32 %gmem"   --->   Operation 91 'specbitsmap' 'specbitsmap_ln0' <Predicate = true> <Delay = 0.00>
ST_10 : Operation 92 [1/1] (0.00ns)   --->   "%specinterface_ln0 = specinterface void @_ssdm_op_SpecInterface, i64 %data, void @empty_3, i32 0, i32 0, void @empty_0, i32 0, i32 0, void @empty_4, void @empty_5, void @empty_0, i32 0, i32 0, i32 0, i32 0, void @empty_0, void @empty_6"   --->   Operation 92 'specinterface' 'specinterface_ln0' <Predicate = true> <Delay = 0.00>
ST_10 : Operation 93 [1/1] (0.00ns)   --->   "%specinterface_ln0 = specinterface void @_ssdm_op_SpecInterface, i64 %data, void @empty_7, i32 0, i32 0, void @empty_0, i32 0, i32 0, void @empty_0, void @empty_0, void @empty_0, i32 0, i32 0, i32 0, i32 0, void @empty_0, void @empty_6"   --->   Operation 93 'specinterface' 'specinterface_ln0' <Predicate = true> <Delay = 0.00>
ST_10 : Operation 94 [1/1] (0.00ns)   --->   "%specbitsmap_ln0 = specbitsmap void @_ssdm_op_SpecBitsMap, i32 %length_r"   --->   Operation 94 'specbitsmap' 'specbitsmap_ln0' <Predicate = true> <Delay = 0.00>
ST_10 : Operation 95 [1/1] (0.00ns)   --->   "%specinterface_ln0 = specinterface void @_ssdm_op_SpecInterface, i32 %length_r, void @empty_7, i32 0, i32 0, void @empty_0, i32 0, i32 0, void @empty_0, void @empty_0, void @empty_0, i32 0, i32 0, i32 0, i32 0, void @empty_0, void @empty_0"   --->   Operation 95 'specinterface' 'specinterface_ln0' <Predicate = true> <Delay = 0.00>
ST_10 : Operation 96 [1/1] (0.00ns)   --->   "%specbitsmap_ln0 = specbitsmap void @_ssdm_op_SpecBitsMap, i32 %kSQI"   --->   Operation 96 'specbitsmap' 'specbitsmap_ln0' <Predicate = true> <Delay = 0.00>
ST_10 : Operation 97 [1/1] (0.00ns)   --->   "%specinterface_ln0 = specinterface void @_ssdm_op_SpecInterface, i32 %kSQI, void @empty_7, i32 0, i32 0, void @empty_0, i32 0, i32 0, void @empty_0, void @empty_0, void @empty_0, i32 0, i32 0, i32 0, i32 0, void @empty_0, void @empty_0"   --->   Operation 97 'specinterface' 'specinterface_ln0' <Predicate = true> <Delay = 0.00>
ST_10 : Operation 98 [1/2] (0.00ns)   --->   "%call_ln43 = call void @overlay_fea_Pipeline_1, i32 %gmem, i62 %trunc_ln, i32 %buff" [feature.c:43]   --->   Operation 98 'call' 'call_ln43' <Predicate = true> <Delay = 0.00> <CoreType = "Generic">   --->   Core 0 '' <Latency = 0> <II = 1> <Delay = 1.00> <Generic> <Opcode : >
ST_10 : Operation 99 [1/1] (2.47ns)   --->   "%icmp_ln12 = icmp_sgt  i32 %length_r_read, i32 0" [feature.c:12]   --->   Operation 99 'icmp' 'icmp_ln12' <Predicate = true> <Delay = 2.47> <CoreInst = "Cmp">   --->   Core 9 'Cmp' <Latency = 0> <II = 1> <Delay = 2.47> <FuncUnit> <Opcode : 'icmp'> <InPorts = 2> <OutPorts = 1>
ST_10 : Operation 100 [1/6] (6.41ns)   --->   "%conv_i_i = sitofp i32 %length_r_read" [feature.c:17]   --->   Operation 100 'sitofp' 'conv_i_i' <Predicate = true> <Delay = 6.41> <CoreInst = "Int2Float">   --->   Core 62 'Int2Float' <Latency = 5> <II = 1> <Delay = 6.41> <FuncUnit> <Opcode : 'sitofp' 'uitofp'> <InPorts = 1> <OutPorts = 1>
ST_10 : Operation 101 [1/1] (1.58ns)   --->   "%br_ln12 = br i1 %icmp_ln12, void %ksqi_calc.exit, void %.lr.ph.i.i" [feature.c:12]   --->   Operation 101 'br' 'br_ln12' <Predicate = true> <Delay = 1.58>
ST_10 : Operation 102 [1/1] (0.00ns)   --->   "%trunc_ln12 = trunc i32 %length_r_read" [feature.c:12]   --->   Operation 102 'trunc' 'trunc_ln12' <Predicate = (icmp_ln12)> <Delay = 0.00>

State 11 <SV = 10> <Delay = 4.05>
ST_11 : Operation 103 [2/2] (4.05ns)   --->   "%call_ln12 = call void @overlay_fea_Pipeline_Loop_mean, i31 %trunc_ln12, i32 %buff, i32 %sum_loc" [feature.c:12]   --->   Operation 103 'call' 'call_ln12' <Predicate = true> <Delay = 4.05> <CoreType = "Generic">   --->   Core 0 '' <Latency = 0> <II = 1> <Delay = 1.00> <Generic> <Opcode : >

State 12 <SV = 11> <Delay = 0.00>
ST_12 : Operation 104 [1/2] (0.00ns)   --->   "%call_ln12 = call void @overlay_fea_Pipeline_Loop_mean, i31 %trunc_ln12, i32 %buff, i32 %sum_loc" [feature.c:12]   --->   Operation 104 'call' 'call_ln12' <Predicate = true> <Delay = 0.00> <CoreType = "Generic">   --->   Core 0 '' <Latency = 0> <II = 1> <Delay = 1.00> <Generic> <Opcode : >

State 13 <SV = 12> <Delay = 6.07>
ST_13 : Operation 105 [1/1] (0.00ns)   --->   "%sum_loc_load = load i32 %sum_loc"   --->   Operation 105 'load' 'sum_loc_load' <Predicate = true> <Delay = 0.00>
ST_13 : Operation 106 [16/16] (6.07ns)   --->   "%div_i_i = fdiv i32 %sum_loc_load, i32 %conv_i_i" [feature.c:17]   --->   Operation 106 'fdiv' 'div_i_i' <Predicate = true> <Delay = 6.07> <CoreInst = "FDiv">   --->   Core 20 'FDiv' <Latency = 15> <II = 1> <Delay = 6.07> <FuncUnit> <Opcode : 'fdiv' 'frem'> <InPorts = 2> <OutPorts = 1>

State 14 <SV = 13> <Delay = 6.07>
ST_14 : Operation 107 [15/16] (6.07ns)   --->   "%div_i_i = fdiv i32 %sum_loc_load, i32 %conv_i_i" [feature.c:17]   --->   Operation 107 'fdiv' 'div_i_i' <Predicate = true> <Delay = 6.07> <CoreInst = "FDiv">   --->   Core 20 'FDiv' <Latency = 15> <II = 1> <Delay = 6.07> <FuncUnit> <Opcode : 'fdiv' 'frem'> <InPorts = 2> <OutPorts = 1>

State 15 <SV = 14> <Delay = 6.07>
ST_15 : Operation 108 [14/16] (6.07ns)   --->   "%div_i_i = fdiv i32 %sum_loc_load, i32 %conv_i_i" [feature.c:17]   --->   Operation 108 'fdiv' 'div_i_i' <Predicate = true> <Delay = 6.07> <CoreInst = "FDiv">   --->   Core 20 'FDiv' <Latency = 15> <II = 1> <Delay = 6.07> <FuncUnit> <Opcode : 'fdiv' 'frem'> <InPorts = 2> <OutPorts = 1>

State 16 <SV = 15> <Delay = 6.07>
ST_16 : Operation 109 [13/16] (6.07ns)   --->   "%div_i_i = fdiv i32 %sum_loc_load, i32 %conv_i_i" [feature.c:17]   --->   Operation 109 'fdiv' 'div_i_i' <Predicate = true> <Delay = 6.07> <CoreInst = "FDiv">   --->   Core 20 'FDiv' <Latency = 15> <II = 1> <Delay = 6.07> <FuncUnit> <Opcode : 'fdiv' 'frem'> <InPorts = 2> <OutPorts = 1>

State 17 <SV = 16> <Delay = 6.07>
ST_17 : Operation 110 [12/16] (6.07ns)   --->   "%div_i_i = fdiv i32 %sum_loc_load, i32 %conv_i_i" [feature.c:17]   --->   Operation 110 'fdiv' 'div_i_i' <Predicate = true> <Delay = 6.07> <CoreInst = "FDiv">   --->   Core 20 'FDiv' <Latency = 15> <II = 1> <Delay = 6.07> <FuncUnit> <Opcode : 'fdiv' 'frem'> <InPorts = 2> <OutPorts = 1>

State 18 <SV = 17> <Delay = 6.07>
ST_18 : Operation 111 [11/16] (6.07ns)   --->   "%div_i_i = fdiv i32 %sum_loc_load, i32 %conv_i_i" [feature.c:17]   --->   Operation 111 'fdiv' 'div_i_i' <Predicate = true> <Delay = 6.07> <CoreInst = "FDiv">   --->   Core 20 'FDiv' <Latency = 15> <II = 1> <Delay = 6.07> <FuncUnit> <Opcode : 'fdiv' 'frem'> <InPorts = 2> <OutPorts = 1>

State 19 <SV = 18> <Delay = 6.07>
ST_19 : Operation 112 [10/16] (6.07ns)   --->   "%div_i_i = fdiv i32 %sum_loc_load, i32 %conv_i_i" [feature.c:17]   --->   Operation 112 'fdiv' 'div_i_i' <Predicate = true> <Delay = 6.07> <CoreInst = "FDiv">   --->   Core 20 'FDiv' <Latency = 15> <II = 1> <Delay = 6.07> <FuncUnit> <Opcode : 'fdiv' 'frem'> <InPorts = 2> <OutPorts = 1>

State 20 <SV = 19> <Delay = 6.07>
ST_20 : Operation 113 [9/16] (6.07ns)   --->   "%div_i_i = fdiv i32 %sum_loc_load, i32 %conv_i_i" [feature.c:17]   --->   Operation 113 'fdiv' 'div_i_i' <Predicate = true> <Delay = 6.07> <CoreInst = "FDiv">   --->   Core 20 'FDiv' <Latency = 15> <II = 1> <Delay = 6.07> <FuncUnit> <Opcode : 'fdiv' 'frem'> <InPorts = 2> <OutPorts = 1>

State 21 <SV = 20> <Delay = 6.07>
ST_21 : Operation 114 [8/16] (6.07ns)   --->   "%div_i_i = fdiv i32 %sum_loc_load, i32 %conv_i_i" [feature.c:17]   --->   Operation 114 'fdiv' 'div_i_i' <Predicate = true> <Delay = 6.07> <CoreInst = "FDiv">   --->   Core 20 'FDiv' <Latency = 15> <II = 1> <Delay = 6.07> <FuncUnit> <Opcode : 'fdiv' 'frem'> <InPorts = 2> <OutPorts = 1>

State 22 <SV = 21> <Delay = 6.07>
ST_22 : Operation 115 [7/16] (6.07ns)   --->   "%div_i_i = fdiv i32 %sum_loc_load, i32 %conv_i_i" [feature.c:17]   --->   Operation 115 'fdiv' 'div_i_i' <Predicate = true> <Delay = 6.07> <CoreInst = "FDiv">   --->   Core 20 'FDiv' <Latency = 15> <II = 1> <Delay = 6.07> <FuncUnit> <Opcode : 'fdiv' 'frem'> <InPorts = 2> <OutPorts = 1>

State 23 <SV = 22> <Delay = 6.07>
ST_23 : Operation 116 [6/16] (6.07ns)   --->   "%div_i_i = fdiv i32 %sum_loc_load, i32 %conv_i_i" [feature.c:17]   --->   Operation 116 'fdiv' 'div_i_i' <Predicate = true> <Delay = 6.07> <CoreInst = "FDiv">   --->   Core 20 'FDiv' <Latency = 15> <II = 1> <Delay = 6.07> <FuncUnit> <Opcode : 'fdiv' 'frem'> <InPorts = 2> <OutPorts = 1>

State 24 <SV = 23> <Delay = 6.07>
ST_24 : Operation 117 [5/16] (6.07ns)   --->   "%div_i_i = fdiv i32 %sum_loc_load, i32 %conv_i_i" [feature.c:17]   --->   Operation 117 'fdiv' 'div_i_i' <Predicate = true> <Delay = 6.07> <CoreInst = "FDiv">   --->   Core 20 'FDiv' <Latency = 15> <II = 1> <Delay = 6.07> <FuncUnit> <Opcode : 'fdiv' 'frem'> <InPorts = 2> <OutPorts = 1>

State 25 <SV = 24> <Delay = 6.07>
ST_25 : Operation 118 [4/16] (6.07ns)   --->   "%div_i_i = fdiv i32 %sum_loc_load, i32 %conv_i_i" [feature.c:17]   --->   Operation 118 'fdiv' 'div_i_i' <Predicate = true> <Delay = 6.07> <CoreInst = "FDiv">   --->   Core 20 'FDiv' <Latency = 15> <II = 1> <Delay = 6.07> <FuncUnit> <Opcode : 'fdiv' 'frem'> <InPorts = 2> <OutPorts = 1>

State 26 <SV = 25> <Delay = 6.07>
ST_26 : Operation 119 [3/16] (6.07ns)   --->   "%div_i_i = fdiv i32 %sum_loc_load, i32 %conv_i_i" [feature.c:17]   --->   Operation 119 'fdiv' 'div_i_i' <Predicate = true> <Delay = 6.07> <CoreInst = "FDiv">   --->   Core 20 'FDiv' <Latency = 15> <II = 1> <Delay = 6.07> <FuncUnit> <Opcode : 'fdiv' 'frem'> <InPorts = 2> <OutPorts = 1>

State 27 <SV = 26> <Delay = 6.07>
ST_27 : Operation 120 [2/16] (6.07ns)   --->   "%div_i_i = fdiv i32 %sum_loc_load, i32 %conv_i_i" [feature.c:17]   --->   Operation 120 'fdiv' 'div_i_i' <Predicate = true> <Delay = 6.07> <CoreInst = "FDiv">   --->   Core 20 'FDiv' <Latency = 15> <II = 1> <Delay = 6.07> <FuncUnit> <Opcode : 'fdiv' 'frem'> <InPorts = 2> <OutPorts = 1>

State 28 <SV = 27> <Delay = 6.07>
ST_28 : Operation 121 [1/16] (6.07ns)   --->   "%div_i_i = fdiv i32 %sum_loc_load, i32 %conv_i_i" [feature.c:17]   --->   Operation 121 'fdiv' 'div_i_i' <Predicate = true> <Delay = 6.07> <CoreInst = "FDiv">   --->   Core 20 'FDiv' <Latency = 15> <II = 1> <Delay = 6.07> <FuncUnit> <Opcode : 'fdiv' 'frem'> <InPorts = 2> <OutPorts = 1>

State 29 <SV = 28> <Delay = 4.05>
ST_29 : Operation 122 [2/2] (4.05ns)   --->   "%call_ln12 = call void @overlay_fea_Pipeline_Loop_kur, i31 %trunc_ln12, i32 %buff, i32 %div_i_i, i32 %m4_loc, i32 %m2_loc" [feature.c:12]   --->   Operation 122 'call' 'call_ln12' <Predicate = true> <Delay = 4.05> <CoreType = "Generic">   --->   Core 0 '' <Latency = 0> <II = 1> <Delay = 1.00> <Generic> <Opcode : >

State 30 <SV = 29> <Delay = 0.00>
ST_30 : Operation 123 [1/2] (0.00ns)   --->   "%call_ln12 = call void @overlay_fea_Pipeline_Loop_kur, i31 %trunc_ln12, i32 %buff, i32 %div_i_i, i32 %m4_loc, i32 %m2_loc" [feature.c:12]   --->   Operation 123 'call' 'call_ln12' <Predicate = true> <Delay = 0.00> <CoreType = "Generic">   --->   Core 0 '' <Latency = 0> <II = 1> <Delay = 1.00> <Generic> <Opcode : >

State 31 <SV = 30> <Delay = 7.29>
ST_31 : Operation 124 [1/1] (0.00ns)   --->   "%m4_loc_load = load i32 %m4_loc"   --->   Operation 124 'load' 'm4_loc_load' <Predicate = (icmp_ln12)> <Delay = 0.00>
ST_31 : Operation 125 [1/1] (0.00ns)   --->   "%m2_loc_load = load i32 %m2_loc"   --->   Operation 125 'load' 'm2_loc_load' <Predicate = (icmp_ln12)> <Delay = 0.00>
ST_31 : Operation 126 [1/1] (1.58ns)   --->   "%br_ln0 = br void %ksqi_calc.exit"   --->   Operation 126 'br' 'br_ln0' <Predicate = (icmp_ln12)> <Delay = 1.58>
ST_31 : Operation 127 [1/1] (0.00ns)   --->   "%m4_0_lcssa_i = phi i32 %m4_loc_load, void %.lr.ph.i.i, i32 0, void %codeRepl"   --->   Operation 127 'phi' 'm4_0_lcssa_i' <Predicate = true> <Delay = 0.00>
ST_31 : Operation 128 [4/4] (5.70ns)   --->   "%mul3_i = fmul i32 %conv_i_i, i32 %m4_0_lcssa_i" [feature.c:35]   --->   Operation 128 'fmul' 'mul3_i' <Predicate = true> <Delay = 5.70> <CoreInst = "FMul_maxdsp">   --->   Core 30 'FMul_maxdsp' <Latency = 3> <II = 1> <Delay = 5.70> <FuncUnit> <Opcode : 'fmul'> <InPorts = 2> <OutPorts = 1>

State 32 <SV = 31> <Delay = 5.70>
ST_32 : Operation 129 [3/4] (5.70ns)   --->   "%mul3_i = fmul i32 %conv_i_i, i32 %m4_0_lcssa_i" [feature.c:35]   --->   Operation 129 'fmul' 'mul3_i' <Predicate = true> <Delay = 5.70> <CoreInst = "FMul_maxdsp">   --->   Core 30 'FMul_maxdsp' <Latency = 3> <II = 1> <Delay = 5.70> <FuncUnit> <Opcode : 'fmul'> <InPorts = 2> <OutPorts = 1>

State 33 <SV = 32> <Delay = 5.70>
ST_33 : Operation 130 [2/4] (5.70ns)   --->   "%mul3_i = fmul i32 %conv_i_i, i32 %m4_0_lcssa_i" [feature.c:35]   --->   Operation 130 'fmul' 'mul3_i' <Predicate = true> <Delay = 5.70> <CoreInst = "FMul_maxdsp">   --->   Core 30 'FMul_maxdsp' <Latency = 3> <II = 1> <Delay = 5.70> <FuncUnit> <Opcode : 'fmul'> <InPorts = 2> <OutPorts = 1>

State 34 <SV = 33> <Delay = 5.70>
ST_34 : Operation 131 [1/4] (5.70ns)   --->   "%mul3_i = fmul i32 %conv_i_i, i32 %m4_0_lcssa_i" [feature.c:35]   --->   Operation 131 'fmul' 'mul3_i' <Predicate = true> <Delay = 5.70> <CoreInst = "FMul_maxdsp">   --->   Core 30 'FMul_maxdsp' <Latency = 3> <II = 1> <Delay = 5.70> <FuncUnit> <Opcode : 'fmul'> <InPorts = 2> <OutPorts = 1>

State 35 <SV = 34> <Delay = 6.07>
ST_35 : Operation 132 [1/1] (0.00ns)   --->   "%m2_0_lcssa_i = phi i32 %m2_loc_load, void %.lr.ph.i.i, i32 0, void %codeRepl"   --->   Operation 132 'phi' 'm2_0_lcssa_i' <Predicate = true> <Delay = 0.00>
ST_35 : Operation 133 [16/16] (6.07ns)   --->   "%div_i = fdiv i32 %mul3_i, i32 %m2_0_lcssa_i" [feature.c:35]   --->   Operation 133 'fdiv' 'div_i' <Predicate = true> <Delay = 6.07> <CoreInst = "FDiv">   --->   Core 20 'FDiv' <Latency = 15> <II = 1> <Delay = 6.07> <FuncUnit> <Opcode : 'fdiv' 'frem'> <InPorts = 2> <OutPorts = 1>

State 36 <SV = 35> <Delay = 6.07>
ST_36 : Operation 134 [15/16] (6.07ns)   --->   "%div_i = fdiv i32 %mul3_i, i32 %m2_0_lcssa_i" [feature.c:35]   --->   Operation 134 'fdiv' 'div_i' <Predicate = true> <Delay = 6.07> <CoreInst = "FDiv">   --->   Core 20 'FDiv' <Latency = 15> <II = 1> <Delay = 6.07> <FuncUnit> <Opcode : 'fdiv' 'frem'> <InPorts = 2> <OutPorts = 1>

State 37 <SV = 36> <Delay = 6.07>
ST_37 : Operation 135 [14/16] (6.07ns)   --->   "%div_i = fdiv i32 %mul3_i, i32 %m2_0_lcssa_i" [feature.c:35]   --->   Operation 135 'fdiv' 'div_i' <Predicate = true> <Delay = 6.07> <CoreInst = "FDiv">   --->   Core 20 'FDiv' <Latency = 15> <II = 1> <Delay = 6.07> <FuncUnit> <Opcode : 'fdiv' 'frem'> <InPorts = 2> <OutPorts = 1>

State 38 <SV = 37> <Delay = 6.07>
ST_38 : Operation 136 [13/16] (6.07ns)   --->   "%div_i = fdiv i32 %mul3_i, i32 %m2_0_lcssa_i" [feature.c:35]   --->   Operation 136 'fdiv' 'div_i' <Predicate = true> <Delay = 6.07> <CoreInst = "FDiv">   --->   Core 20 'FDiv' <Latency = 15> <II = 1> <Delay = 6.07> <FuncUnit> <Opcode : 'fdiv' 'frem'> <InPorts = 2> <OutPorts = 1>

State 39 <SV = 38> <Delay = 6.07>
ST_39 : Operation 137 [12/16] (6.07ns)   --->   "%div_i = fdiv i32 %mul3_i, i32 %m2_0_lcssa_i" [feature.c:35]   --->   Operation 137 'fdiv' 'div_i' <Predicate = true> <Delay = 6.07> <CoreInst = "FDiv">   --->   Core 20 'FDiv' <Latency = 15> <II = 1> <Delay = 6.07> <FuncUnit> <Opcode : 'fdiv' 'frem'> <InPorts = 2> <OutPorts = 1>

State 40 <SV = 39> <Delay = 6.07>
ST_40 : Operation 138 [11/16] (6.07ns)   --->   "%div_i = fdiv i32 %mul3_i, i32 %m2_0_lcssa_i" [feature.c:35]   --->   Operation 138 'fdiv' 'div_i' <Predicate = true> <Delay = 6.07> <CoreInst = "FDiv">   --->   Core 20 'FDiv' <Latency = 15> <II = 1> <Delay = 6.07> <FuncUnit> <Opcode : 'fdiv' 'frem'> <InPorts = 2> <OutPorts = 1>

State 41 <SV = 40> <Delay = 6.07>
ST_41 : Operation 139 [10/16] (6.07ns)   --->   "%div_i = fdiv i32 %mul3_i, i32 %m2_0_lcssa_i" [feature.c:35]   --->   Operation 139 'fdiv' 'div_i' <Predicate = true> <Delay = 6.07> <CoreInst = "FDiv">   --->   Core 20 'FDiv' <Latency = 15> <II = 1> <Delay = 6.07> <FuncUnit> <Opcode : 'fdiv' 'frem'> <InPorts = 2> <OutPorts = 1>

State 42 <SV = 41> <Delay = 6.07>
ST_42 : Operation 140 [9/16] (6.07ns)   --->   "%div_i = fdiv i32 %mul3_i, i32 %m2_0_lcssa_i" [feature.c:35]   --->   Operation 140 'fdiv' 'div_i' <Predicate = true> <Delay = 6.07> <CoreInst = "FDiv">   --->   Core 20 'FDiv' <Latency = 15> <II = 1> <Delay = 6.07> <FuncUnit> <Opcode : 'fdiv' 'frem'> <InPorts = 2> <OutPorts = 1>

State 43 <SV = 42> <Delay = 6.07>
ST_43 : Operation 141 [8/16] (6.07ns)   --->   "%div_i = fdiv i32 %mul3_i, i32 %m2_0_lcssa_i" [feature.c:35]   --->   Operation 141 'fdiv' 'div_i' <Predicate = true> <Delay = 6.07> <CoreInst = "FDiv">   --->   Core 20 'FDiv' <Latency = 15> <II = 1> <Delay = 6.07> <FuncUnit> <Opcode : 'fdiv' 'frem'> <InPorts = 2> <OutPorts = 1>

State 44 <SV = 43> <Delay = 6.07>
ST_44 : Operation 142 [7/16] (6.07ns)   --->   "%div_i = fdiv i32 %mul3_i, i32 %m2_0_lcssa_i" [feature.c:35]   --->   Operation 142 'fdiv' 'div_i' <Predicate = true> <Delay = 6.07> <CoreInst = "FDiv">   --->   Core 20 'FDiv' <Latency = 15> <II = 1> <Delay = 6.07> <FuncUnit> <Opcode : 'fdiv' 'frem'> <InPorts = 2> <OutPorts = 1>

State 45 <SV = 44> <Delay = 6.07>
ST_45 : Operation 143 [6/16] (6.07ns)   --->   "%div_i = fdiv i32 %mul3_i, i32 %m2_0_lcssa_i" [feature.c:35]   --->   Operation 143 'fdiv' 'div_i' <Predicate = true> <Delay = 6.07> <CoreInst = "FDiv">   --->   Core 20 'FDiv' <Latency = 15> <II = 1> <Delay = 6.07> <FuncUnit> <Opcode : 'fdiv' 'frem'> <InPorts = 2> <OutPorts = 1>

State 46 <SV = 45> <Delay = 6.07>
ST_46 : Operation 144 [5/16] (6.07ns)   --->   "%div_i = fdiv i32 %mul3_i, i32 %m2_0_lcssa_i" [feature.c:35]   --->   Operation 144 'fdiv' 'div_i' <Predicate = true> <Delay = 6.07> <CoreInst = "FDiv">   --->   Core 20 'FDiv' <Latency = 15> <II = 1> <Delay = 6.07> <FuncUnit> <Opcode : 'fdiv' 'frem'> <InPorts = 2> <OutPorts = 1>

State 47 <SV = 46> <Delay = 6.07>
ST_47 : Operation 145 [4/16] (6.07ns)   --->   "%div_i = fdiv i32 %mul3_i, i32 %m2_0_lcssa_i" [feature.c:35]   --->   Operation 145 'fdiv' 'div_i' <Predicate = true> <Delay = 6.07> <CoreInst = "FDiv">   --->   Core 20 'FDiv' <Latency = 15> <II = 1> <Delay = 6.07> <FuncUnit> <Opcode : 'fdiv' 'frem'> <InPorts = 2> <OutPorts = 1>

State 48 <SV = 47> <Delay = 6.07>
ST_48 : Operation 146 [3/16] (6.07ns)   --->   "%div_i = fdiv i32 %mul3_i, i32 %m2_0_lcssa_i" [feature.c:35]   --->   Operation 146 'fdiv' 'div_i' <Predicate = true> <Delay = 6.07> <CoreInst = "FDiv">   --->   Core 20 'FDiv' <Latency = 15> <II = 1> <Delay = 6.07> <FuncUnit> <Opcode : 'fdiv' 'frem'> <InPorts = 2> <OutPorts = 1>

State 49 <SV = 48> <Delay = 6.07>
ST_49 : Operation 147 [2/16] (6.07ns)   --->   "%div_i = fdiv i32 %mul3_i, i32 %m2_0_lcssa_i" [feature.c:35]   --->   Operation 147 'fdiv' 'div_i' <Predicate = true> <Delay = 6.07> <CoreInst = "FDiv">   --->   Core 20 'FDiv' <Latency = 15> <II = 1> <Delay = 6.07> <FuncUnit> <Opcode : 'fdiv' 'frem'> <InPorts = 2> <OutPorts = 1>

State 50 <SV = 49> <Delay = 6.07>
ST_50 : Operation 148 [1/16] (6.07ns)   --->   "%div_i = fdiv i32 %mul3_i, i32 %m2_0_lcssa_i" [feature.c:35]   --->   Operation 148 'fdiv' 'div_i' <Predicate = true> <Delay = 6.07> <CoreInst = "FDiv">   --->   Core 20 'FDiv' <Latency = 15> <II = 1> <Delay = 6.07> <FuncUnit> <Opcode : 'fdiv' 'frem'> <InPorts = 2> <OutPorts = 1>

State 51 <SV = 50> <Delay = 6.07>
ST_51 : Operation 149 [16/16] (6.07ns)   --->   "%div4_i = fdiv i32 %div_i, i32 %m2_0_lcssa_i" [feature.c:35]   --->   Operation 149 'fdiv' 'div4_i' <Predicate = true> <Delay = 6.07> <CoreInst = "FDiv">   --->   Core 20 'FDiv' <Latency = 15> <II = 1> <Delay = 6.07> <FuncUnit> <Opcode : 'fdiv' 'frem'> <InPorts = 2> <OutPorts = 1>

State 52 <SV = 51> <Delay = 6.07>
ST_52 : Operation 150 [15/16] (6.07ns)   --->   "%div4_i = fdiv i32 %div_i, i32 %m2_0_lcssa_i" [feature.c:35]   --->   Operation 150 'fdiv' 'div4_i' <Predicate = true> <Delay = 6.07> <CoreInst = "FDiv">   --->   Core 20 'FDiv' <Latency = 15> <II = 1> <Delay = 6.07> <FuncUnit> <Opcode : 'fdiv' 'frem'> <InPorts = 2> <OutPorts = 1>

State 53 <SV = 52> <Delay = 6.07>
ST_53 : Operation 151 [14/16] (6.07ns)   --->   "%div4_i = fdiv i32 %div_i, i32 %m2_0_lcssa_i" [feature.c:35]   --->   Operation 151 'fdiv' 'div4_i' <Predicate = true> <Delay = 6.07> <CoreInst = "FDiv">   --->   Core 20 'FDiv' <Latency = 15> <II = 1> <Delay = 6.07> <FuncUnit> <Opcode : 'fdiv' 'frem'> <InPorts = 2> <OutPorts = 1>

State 54 <SV = 53> <Delay = 6.07>
ST_54 : Operation 152 [13/16] (6.07ns)   --->   "%div4_i = fdiv i32 %div_i, i32 %m2_0_lcssa_i" [feature.c:35]   --->   Operation 152 'fdiv' 'div4_i' <Predicate = true> <Delay = 6.07> <CoreInst = "FDiv">   --->   Core 20 'FDiv' <Latency = 15> <II = 1> <Delay = 6.07> <FuncUnit> <Opcode : 'fdiv' 'frem'> <InPorts = 2> <OutPorts = 1>

State 55 <SV = 54> <Delay = 6.07>
ST_55 : Operation 153 [12/16] (6.07ns)   --->   "%div4_i = fdiv i32 %div_i, i32 %m2_0_lcssa_i" [feature.c:35]   --->   Operation 153 'fdiv' 'div4_i' <Predicate = true> <Delay = 6.07> <CoreInst = "FDiv">   --->   Core 20 'FDiv' <Latency = 15> <II = 1> <Delay = 6.07> <FuncUnit> <Opcode : 'fdiv' 'frem'> <InPorts = 2> <OutPorts = 1>

State 56 <SV = 55> <Delay = 6.07>
ST_56 : Operation 154 [11/16] (6.07ns)   --->   "%div4_i = fdiv i32 %div_i, i32 %m2_0_lcssa_i" [feature.c:35]   --->   Operation 154 'fdiv' 'div4_i' <Predicate = true> <Delay = 6.07> <CoreInst = "FDiv">   --->   Core 20 'FDiv' <Latency = 15> <II = 1> <Delay = 6.07> <FuncUnit> <Opcode : 'fdiv' 'frem'> <InPorts = 2> <OutPorts = 1>

State 57 <SV = 56> <Delay = 6.07>
ST_57 : Operation 155 [10/16] (6.07ns)   --->   "%div4_i = fdiv i32 %div_i, i32 %m2_0_lcssa_i" [feature.c:35]   --->   Operation 155 'fdiv' 'div4_i' <Predicate = true> <Delay = 6.07> <CoreInst = "FDiv">   --->   Core 20 'FDiv' <Latency = 15> <II = 1> <Delay = 6.07> <FuncUnit> <Opcode : 'fdiv' 'frem'> <InPorts = 2> <OutPorts = 1>

State 58 <SV = 57> <Delay = 6.07>
ST_58 : Operation 156 [9/16] (6.07ns)   --->   "%div4_i = fdiv i32 %div_i, i32 %m2_0_lcssa_i" [feature.c:35]   --->   Operation 156 'fdiv' 'div4_i' <Predicate = true> <Delay = 6.07> <CoreInst = "FDiv">   --->   Core 20 'FDiv' <Latency = 15> <II = 1> <Delay = 6.07> <FuncUnit> <Opcode : 'fdiv' 'frem'> <InPorts = 2> <OutPorts = 1>

State 59 <SV = 58> <Delay = 6.07>
ST_59 : Operation 157 [8/16] (6.07ns)   --->   "%div4_i = fdiv i32 %div_i, i32 %m2_0_lcssa_i" [feature.c:35]   --->   Operation 157 'fdiv' 'div4_i' <Predicate = true> <Delay = 6.07> <CoreInst = "FDiv">   --->   Core 20 'FDiv' <Latency = 15> <II = 1> <Delay = 6.07> <FuncUnit> <Opcode : 'fdiv' 'frem'> <InPorts = 2> <OutPorts = 1>

State 60 <SV = 59> <Delay = 6.07>
ST_60 : Operation 158 [7/16] (6.07ns)   --->   "%div4_i = fdiv i32 %div_i, i32 %m2_0_lcssa_i" [feature.c:35]   --->   Operation 158 'fdiv' 'div4_i' <Predicate = true> <Delay = 6.07> <CoreInst = "FDiv">   --->   Core 20 'FDiv' <Latency = 15> <II = 1> <Delay = 6.07> <FuncUnit> <Opcode : 'fdiv' 'frem'> <InPorts = 2> <OutPorts = 1>

State 61 <SV = 60> <Delay = 6.07>
ST_61 : Operation 159 [6/16] (6.07ns)   --->   "%div4_i = fdiv i32 %div_i, i32 %m2_0_lcssa_i" [feature.c:35]   --->   Operation 159 'fdiv' 'div4_i' <Predicate = true> <Delay = 6.07> <CoreInst = "FDiv">   --->   Core 20 'FDiv' <Latency = 15> <II = 1> <Delay = 6.07> <FuncUnit> <Opcode : 'fdiv' 'frem'> <InPorts = 2> <OutPorts = 1>

State 62 <SV = 61> <Delay = 6.07>
ST_62 : Operation 160 [5/16] (6.07ns)   --->   "%div4_i = fdiv i32 %div_i, i32 %m2_0_lcssa_i" [feature.c:35]   --->   Operation 160 'fdiv' 'div4_i' <Predicate = true> <Delay = 6.07> <CoreInst = "FDiv">   --->   Core 20 'FDiv' <Latency = 15> <II = 1> <Delay = 6.07> <FuncUnit> <Opcode : 'fdiv' 'frem'> <InPorts = 2> <OutPorts = 1>

State 63 <SV = 62> <Delay = 6.07>
ST_63 : Operation 161 [4/16] (6.07ns)   --->   "%div4_i = fdiv i32 %div_i, i32 %m2_0_lcssa_i" [feature.c:35]   --->   Operation 161 'fdiv' 'div4_i' <Predicate = true> <Delay = 6.07> <CoreInst = "FDiv">   --->   Core 20 'FDiv' <Latency = 15> <II = 1> <Delay = 6.07> <FuncUnit> <Opcode : 'fdiv' 'frem'> <InPorts = 2> <OutPorts = 1>

State 64 <SV = 63> <Delay = 6.07>
ST_64 : Operation 162 [3/16] (6.07ns)   --->   "%div4_i = fdiv i32 %div_i, i32 %m2_0_lcssa_i" [feature.c:35]   --->   Operation 162 'fdiv' 'div4_i' <Predicate = true> <Delay = 6.07> <CoreInst = "FDiv">   --->   Core 20 'FDiv' <Latency = 15> <II = 1> <Delay = 6.07> <FuncUnit> <Opcode : 'fdiv' 'frem'> <InPorts = 2> <OutPorts = 1>

State 65 <SV = 64> <Delay = 6.07>
ST_65 : Operation 163 [2/16] (6.07ns)   --->   "%div4_i = fdiv i32 %div_i, i32 %m2_0_lcssa_i" [feature.c:35]   --->   Operation 163 'fdiv' 'div4_i' <Predicate = true> <Delay = 6.07> <CoreInst = "FDiv">   --->   Core 20 'FDiv' <Latency = 15> <II = 1> <Delay = 6.07> <FuncUnit> <Opcode : 'fdiv' 'frem'> <InPorts = 2> <OutPorts = 1>

State 66 <SV = 65> <Delay = 6.07>
ST_66 : Operation 164 [1/16] (6.07ns)   --->   "%div4_i = fdiv i32 %div_i, i32 %m2_0_lcssa_i" [feature.c:35]   --->   Operation 164 'fdiv' 'div4_i' <Predicate = true> <Delay = 6.07> <CoreInst = "FDiv">   --->   Core 20 'FDiv' <Latency = 15> <II = 1> <Delay = 6.07> <FuncUnit> <Opcode : 'fdiv' 'frem'> <InPorts = 2> <OutPorts = 1>
ST_66 : Operation 165 [1/1] (0.00ns)   --->   "%bitcast_ln45 = bitcast i32 %div4_i" [feature.c:45]   --->   Operation 165 'bitcast' 'bitcast_ln45' <Predicate = true> <Delay = 0.00>
ST_66 : Operation 166 [1/1] (0.00ns)   --->   "%write_ln45 = write void @_ssdm_op_Write.ap_auto.i32P0A, i32 %kSQI, i32 %bitcast_ln45" [feature.c:45]   --->   Operation 166 'write' 'write_ln45' <Predicate = true> <Delay = 0.00>
ST_66 : Operation 167 [1/1] (0.00ns)   --->   "%ret_ln46 = ret" [feature.c:46]   --->   Operation 167 'ret' 'ret_ln46' <Predicate = true> <Delay = 0.00>


============================================================
+ Verbose Summary: Timing violations
============================================================
Target clock period: 10ns, clock uncertainty: 2.7ns.

 <State 1>: 1ns
The critical path consists of the following:
	s_axi read operation ('data') on port 'data' [6]  (1 ns)

 <State 2>: 7.3ns
The critical path consists of the following:
	'getelementptr' operation ('gmem_addr', feature.c:43) [22]  (0 ns)
	bus request operation ('empty', feature.c:43) on port 'gmem' (feature.c:43) [23]  (7.3 ns)

 <State 3>: 7.3ns
The critical path consists of the following:
	bus request operation ('empty', feature.c:43) on port 'gmem' (feature.c:43) [23]  (7.3 ns)

 <State 4>: 7.3ns
The critical path consists of the following:
	bus request operation ('empty', feature.c:43) on port 'gmem' (feature.c:43) [23]  (7.3 ns)

 <State 5>: 7.3ns
The critical path consists of the following:
	bus request operation ('empty', feature.c:43) on port 'gmem' (feature.c:43) [23]  (7.3 ns)

 <State 6>: 7.3ns
The critical path consists of the following:
	bus request operation ('empty', feature.c:43) on port 'gmem' (feature.c:43) [23]  (7.3 ns)

 <State 7>: 7.3ns
The critical path consists of the following:
	bus request operation ('empty', feature.c:43) on port 'gmem' (feature.c:43) [23]  (7.3 ns)

 <State 8>: 7.3ns
The critical path consists of the following:
	bus request operation ('empty', feature.c:43) on port 'gmem' (feature.c:43) [23]  (7.3 ns)

 <State 9>: 6.41ns
The critical path consists of the following:
	'sitofp' operation ('conv_i_i', feature.c:17) [26]  (6.41 ns)

 <State 10>: 6.41ns
The critical path consists of the following:
	'sitofp' operation ('conv_i_i', feature.c:17) [26]  (6.41 ns)

 <State 11>: 4.06ns
The critical path consists of the following:
	'call' operation ('call_ln12', feature.c:12) to 'overlay_fea_Pipeline_Loop_mean' [30]  (4.06 ns)

 <State 12>: 0ns
The critical path consists of the following:

 <State 13>: 6.08ns
The critical path consists of the following:
	'load' operation ('sum_loc_load') on local variable 'sum_loc' [31]  (0 ns)
	'fdiv' operation ('div_i_i', feature.c:17) [32]  (6.08 ns)

 <State 14>: 6.08ns
The critical path consists of the following:
	'fdiv' operation ('div_i_i', feature.c:17) [32]  (6.08 ns)

 <State 15>: 6.08ns
The critical path consists of the following:
	'fdiv' operation ('div_i_i', feature.c:17) [32]  (6.08 ns)

 <State 16>: 6.08ns
The critical path consists of the following:
	'fdiv' operation ('div_i_i', feature.c:17) [32]  (6.08 ns)

 <State 17>: 6.08ns
The critical path consists of the following:
	'fdiv' operation ('div_i_i', feature.c:17) [32]  (6.08 ns)

 <State 18>: 6.08ns
The critical path consists of the following:
	'fdiv' operation ('div_i_i', feature.c:17) [32]  (6.08 ns)

 <State 19>: 6.08ns
The critical path consists of the following:
	'fdiv' operation ('div_i_i', feature.c:17) [32]  (6.08 ns)

 <State 20>: 6.08ns
The critical path consists of the following:
	'fdiv' operation ('div_i_i', feature.c:17) [32]  (6.08 ns)

 <State 21>: 6.08ns
The critical path consists of the following:
	'fdiv' operation ('div_i_i', feature.c:17) [32]  (6.08 ns)

 <State 22>: 6.08ns
The critical path consists of the following:
	'fdiv' operation ('div_i_i', feature.c:17) [32]  (6.08 ns)

 <State 23>: 6.08ns
The critical path consists of the following:
	'fdiv' operation ('div_i_i', feature.c:17) [32]  (6.08 ns)

 <State 24>: 6.08ns
The critical path consists of the following:
	'fdiv' operation ('div_i_i', feature.c:17) [32]  (6.08 ns)

 <State 25>: 6.08ns
The critical path consists of the following:
	'fdiv' operation ('div_i_i', feature.c:17) [32]  (6.08 ns)

 <State 26>: 6.08ns
The critical path consists of the following:
	'fdiv' operation ('div_i_i', feature.c:17) [32]  (6.08 ns)

 <State 27>: 6.08ns
The critical path consists of the following:
	'fdiv' operation ('div_i_i', feature.c:17) [32]  (6.08 ns)

 <State 28>: 6.08ns
The critical path consists of the following:
	'fdiv' operation ('div_i_i', feature.c:17) [32]  (6.08 ns)

 <State 29>: 4.06ns
The critical path consists of the following:
	'call' operation ('call_ln12', feature.c:12) to 'overlay_fea_Pipeline_Loop_kur' [33]  (4.06 ns)

 <State 30>: 0ns
The critical path consists of the following:

 <State 31>: 7.29ns
The critical path consists of the following:
	'load' operation ('m4_loc_load') on local variable 'm4_loc' [34]  (0 ns)
	multiplexor before 'phi' operation ('m4_0_lcssa_i') with incoming values : ('m4_loc_load') [39]  (1.59 ns)
	'phi' operation ('m4_0_lcssa_i') with incoming values : ('m4_loc_load') [39]  (0 ns)
	'fmul' operation ('mul3_i', feature.c:35) [40]  (5.7 ns)

 <State 32>: 5.7ns
The critical path consists of the following:
	'fmul' operation ('mul3_i', feature.c:35) [40]  (5.7 ns)

 <State 33>: 5.7ns
The critical path consists of the following:
	'fmul' operation ('mul3_i', feature.c:35) [40]  (5.7 ns)

 <State 34>: 5.7ns
The critical path consists of the following:
	'fmul' operation ('mul3_i', feature.c:35) [40]  (5.7 ns)

 <State 35>: 6.08ns
The critical path consists of the following:
	'phi' operation ('m2_0_lcssa_i') with incoming values : ('m2_loc_load') [38]  (0 ns)
	'fdiv' operation ('div_i', feature.c:35) [41]  (6.08 ns)

 <State 36>: 6.08ns
The critical path consists of the following:
	'fdiv' operation ('div_i', feature.c:35) [41]  (6.08 ns)

 <State 37>: 6.08ns
The critical path consists of the following:
	'fdiv' operation ('div_i', feature.c:35) [41]  (6.08 ns)

 <State 38>: 6.08ns
The critical path consists of the following:
	'fdiv' operation ('div_i', feature.c:35) [41]  (6.08 ns)

 <State 39>: 6.08ns
The critical path consists of the following:
	'fdiv' operation ('div_i', feature.c:35) [41]  (6.08 ns)

 <State 40>: 6.08ns
The critical path consists of the following:
	'fdiv' operation ('div_i', feature.c:35) [41]  (6.08 ns)

 <State 41>: 6.08ns
The critical path consists of the following:
	'fdiv' operation ('div_i', feature.c:35) [41]  (6.08 ns)

 <State 42>: 6.08ns
The critical path consists of the following:
	'fdiv' operation ('div_i', feature.c:35) [41]  (6.08 ns)

 <State 43>: 6.08ns
The critical path consists of the following:
	'fdiv' operation ('div_i', feature.c:35) [41]  (6.08 ns)

 <State 44>: 6.08ns
The critical path consists of the following:
	'fdiv' operation ('div_i', feature.c:35) [41]  (6.08 ns)

 <State 45>: 6.08ns
The critical path consists of the following:
	'fdiv' operation ('div_i', feature.c:35) [41]  (6.08 ns)

 <State 46>: 6.08ns
The critical path consists of the following:
	'fdiv' operation ('div_i', feature.c:35) [41]  (6.08 ns)

 <State 47>: 6.08ns
The critical path consists of the following:
	'fdiv' operation ('div_i', feature.c:35) [41]  (6.08 ns)

 <State 48>: 6.08ns
The critical path consists of the following:
	'fdiv' operation ('div_i', feature.c:35) [41]  (6.08 ns)

 <State 49>: 6.08ns
The critical path consists of the following:
	'fdiv' operation ('div_i', feature.c:35) [41]  (6.08 ns)

 <State 50>: 6.08ns
The critical path consists of the following:
	'fdiv' operation ('div_i', feature.c:35) [41]  (6.08 ns)

 <State 51>: 6.08ns
The critical path consists of the following:
	'fdiv' operation ('div4_i', feature.c:35) [42]  (6.08 ns)

 <State 52>: 6.08ns
The critical path consists of the following:
	'fdiv' operation ('div4_i', feature.c:35) [42]  (6.08 ns)

 <State 53>: 6.08ns
The critical path consists of the following:
	'fdiv' operation ('div4_i', feature.c:35) [42]  (6.08 ns)

 <State 54>: 6.08ns
The critical path consists of the following:
	'fdiv' operation ('div4_i', feature.c:35) [42]  (6.08 ns)

 <State 55>: 6.08ns
The critical path consists of the following:
	'fdiv' operation ('div4_i', feature.c:35) [42]  (6.08 ns)

 <State 56>: 6.08ns
The critical path consists of the following:
	'fdiv' operation ('div4_i', feature.c:35) [42]  (6.08 ns)

 <State 57>: 6.08ns
The critical path consists of the following:
	'fdiv' operation ('div4_i', feature.c:35) [42]  (6.08 ns)

 <State 58>: 6.08ns
The critical path consists of the following:
	'fdiv' operation ('div4_i', feature.c:35) [42]  (6.08 ns)

 <State 59>: 6.08ns
The critical path consists of the following:
	'fdiv' operation ('div4_i', feature.c:35) [42]  (6.08 ns)

 <State 60>: 6.08ns
The critical path consists of the following:
	'fdiv' operation ('div4_i', feature.c:35) [42]  (6.08 ns)

 <State 61>: 6.08ns
The critical path consists of the following:
	'fdiv' operation ('div4_i', feature.c:35) [42]  (6.08 ns)

 <State 62>: 6.08ns
The critical path consists of the following:
	'fdiv' operation ('div4_i', feature.c:35) [42]  (6.08 ns)

 <State 63>: 6.08ns
The critical path consists of the following:
	'fdiv' operation ('div4_i', feature.c:35) [42]  (6.08 ns)

 <State 64>: 6.08ns
The critical path consists of the following:
	'fdiv' operation ('div4_i', feature.c:35) [42]  (6.08 ns)

 <State 65>: 6.08ns
The critical path consists of the following:
	'fdiv' operation ('div4_i', feature.c:35) [42]  (6.08 ns)

 <State 66>: 6.08ns
The critical path consists of the following:
	'fdiv' operation ('div4_i', feature.c:35) [42]  (6.08 ns)


============================================================
+ Verbose Summary: Binding
============================================================
N/A
* FSMD analyzer results:
  - Output states:
 - Input state : 
  - Chain level:
	State 1
	State 2
	State 3
	State 4
	State 5
	State 6
	State 7
	State 8
	State 9
	State 10
	State 11
	State 12
	State 13
	State 14
	State 15
	State 16
	State 17
	State 18
	State 19
	State 20
	State 21
	State 22
	State 23
	State 24
	State 25
	State 26
	State 27
	State 28
	State 29
	State 30
	State 31
	State 32
	State 33
	State 34
	State 35
	State 36
	State 37
	State 38
	State 39
	State 40
	State 41
	State 42
	State 43
	State 44
	State 45
	State 46
	State 47
	State 48
	State 49
	State 50
	State 51
	State 52
	State 53
	State 54
	State 55
	State 56
	State 57
	State 58
	State 59
	State 60
	State 61
	State 62
	State 63
	State 64
	State 65
	State 66


============================================================
+ Verbose Summary: Datapath Resource usage 
============================================================
N/A
