#-----------------------------------------------------------
# Vivado v2021.2 (64-bit)
# SW Build 3367213 on Tue Oct 19 02:48:09 MDT 2021
# IP Build 3369179 on Thu Oct 21 08:25:16 MDT 2021
# Start of session at: Tue Mar 26 17:24:21 2024
# Process ID: 7080
# Current directory: E:/journal/tohpp/kur/sqi_ap/solution_SQIs/.autopilot/db/ip_tmp
# Command line: vivado.exe -notrace -log vivado.log -mode batch -source run_vivado_gen_ip.tcl
# Log file: E:/journal/tohpp/kur/sqi_ap/solution_SQIs/.autopilot/db/ip_tmp/vivado.log
# Journal file: E:/journal/tohpp/kur/sqi_ap/solution_SQIs/.autopilot/db/ip_tmp\vivado.jou
# Running On: yutonghou, OS: Windows, CPU Frequency: 3110 MHz, CPU Physical cores: 12, Host memory: 16892 MB
#-----------------------------------------------------------
source run_vivado_gen_ip.tcl -notrace
INFO: [IP_Flow 19-234] Refreshing IP repositories
INFO: [IP_Flow 19-1704] No user IP repositories specified
INFO: [IP_Flow 19-2313] Loaded Vivado IP repository 'E:/Vivado2021.3/Vivado/2021.2/data/ip'.
WARNING: [IP_Flow 19-4832] The IP name 'overlay_fea_faddfsub_32ns_32ns_32_5_full_dsp_1_ip' you have specified is long. The Windows operating system has path length limitations. It is recommended you use shorter names to reduce the likelihood of issues.
INFO: [IP_Flow 19-1686] Generating 'Synthesis' target for IP 'overlay_fea_faddfsub_32ns_32ns_32_5_full_dsp_1_ip'...
INFO: [IP_Flow 19-1686] Generating 'Simulation' target for IP 'overlay_fea_faddfsub_32ns_32ns_32_5_full_dsp_1_ip'...
WARNING: [IP_Flow 19-4832] The IP name 'overlay_fea_fdiv_32ns_32ns_32_16_no_dsp_1_ip' you have specified is long. The Windows operating system has path length limitations. It is recommended you use shorter names to reduce the likelihood of issues.
INFO: [IP_Flow 19-1686] Generating 'Synthesis' target for IP 'overlay_fea_fdiv_32ns_32ns_32_16_no_dsp_1_ip'...
INFO: [IP_Flow 19-1686] Generating 'Simulation' target for IP 'overlay_fea_fdiv_32ns_32ns_32_16_no_dsp_1_ip'...
WARNING: [IP_Flow 19-4832] The IP name 'overlay_fea_fmul_32ns_32ns_32_4_max_dsp_1_ip' you have specified is long. The Windows operating system has path length limitations. It is recommended you use shorter names to reduce the likelihood of issues.
INFO: [IP_Flow 19-1686] Generating 'Synthesis' target for IP 'overlay_fea_fmul_32ns_32ns_32_4_max_dsp_1_ip'...
INFO: [IP_Flow 19-1686] Generating 'Simulation' target for IP 'overlay_fea_fmul_32ns_32ns_32_4_max_dsp_1_ip'...
WARNING: [IP_Flow 19-4832] The IP name 'overlay_fea_sitofp_32ns_32_6_no_dsp_1_ip' you have specified is long. The Windows operating system has path length limitations. It is recommended you use shorter names to reduce the likelihood of issues.
INFO: [IP_Flow 19-1686] Generating 'Synthesis' target for IP 'overlay_fea_sitofp_32ns_32_6_no_dsp_1_ip'...
INFO: [IP_Flow 19-1686] Generating 'Simulation' target for IP 'overlay_fea_sitofp_32ns_32_6_no_dsp_1_ip'...
INFO: [Common 17-206] Exiting Vivado at Tue Mar 26 17:24:35 2024...
